N E X T F L O W  ~  version 21.10.6
Launching `/czlab/xuwen/scripts/Pre-fasta2ubam/fasta2ubam.nf` [distracted_wing] - revision: dbad6288c0
[d2/01e518] Submitted process > formatConversion:pairedFastqToUnmappedBam (NA12878)
[2a/ae3f2f] Submitted process > formatConversion:pairedFastqToUnmappedBam (NA12878)
[18/82ce52] Submitted process > formatConversion:pairedFastqToUnmappedBam (NA12878)
[73/1a4c91] Submitted process > formatConversion:pairedFastqToUnmappedBam (NA12878)
[e7/c85589] Submitted process > formatConversion:pairedFastqToUnmappedBam (NA12878)
[aa/b633b9] Submitted process > formatConversion:pairedFastqToUnmappedBam (NA12878)
[bf/5a3844] Submitted process > formatConversion:pairedFastqToUnmappedBam (NA12878)
[bc/6091b7] Submitted process > formatConversion:pairedFastqToUnmappedBam (NA12878)
[48/9c829b] Submitted process > formatConversion:pairedFastqToUnmappedBam (NA12878)
[f3/a210ce] Submitted process > formatConversion:pairedFastqToUnmappedBam (NA12878)
[21/63fe89] Submitted process > formatConversion:pairedFastqToUnmappedBam (NA12878)
[49/b37ff9] Submitted process > formatConversion:pairedFastqToUnmappedBam (NA12878)
[5f/478ced] Submitted process > formatConversion:pairedFastqToUnmappedBam (NA12878)
[da/d8c172] Submitted process > formatConversion:pairedFastqToUnmappedBam (NA12878)
[c0/4b03ad] Submitted process > formatConversion:pairedFastqToUnmappedBam (NA12878)
[b7/9d71eb] Submitted process > formatConversion:pairedFastqToUnmappedBam (NA12878)
[3a/808dd6] Submitted process > formatConversion:pairedFastqToUnmappedBam (NA12878)
[42/50006a] Submitted process > formatConversion:pairedFastqToUnmappedBam (NA12878)
[fa/731eb1] Submitted process > formatConversion:pairedFastqToUnmappedBam (NA12878)
[49/14505b] Submitted process > formatConversion:pairedFastqToUnmappedBam (NA12878)
[87/f8fb75] Submitted process > formatConversion:pairedFastqToUnmappedBam (NA12878)
[4c/be3179] Submitted process > formatConversion:pairedFastqToUnmappedBam (NA12878)
[72/94298f] Submitted process > formatConversion:pairedFastqToUnmappedBam (NA12878)
[49/154bb0] Submitted process > formatConversion:pairedFastqToUnmappedBam (NA12878)
[4e/bce641] Submitted process > formatConversion:pairedFastqToUnmappedBam (NA12878)
[98/5ff3b6] Submitted process > formatConversion:pairedFastqToUnmappedBam (NA12878)
[cf/613a03] Submitted process > formatConversion:pairedFastqToUnmappedBam (NA12878)
[62/9717c3] Submitted process > formatConversion:pairedFastqToUnmappedBam (NA12878)
[3a/892af7] Submitted process > formatConversion:pairedFastqToUnmappedBam (NA12878)
[ac/13629d] Submitted process > formatConversion:pairedFastqToUnmappedBam (NA12878)
[08/01f5ad] Submitted process > formatConversion:pairedFastqToUnmappedBam (NA12878)
[21/2de4f5] Submitted process > formatConversion:pairedFastqToUnmappedBam (NA12878)
[2b/5b2cd3] Submitted process > formatConversion:pairedFastqToUnmappedBam (NA12878)
[bb/6521cf] Submitted process > formatConversion:pairedFastqToUnmappedBam (NA12878)
[01/40c6c8] Submitted process > formatConversion:pairedFastqToUnmappedBam (NA12878)
[48/4f188e] Submitted process > formatConversion:pairedFastqToUnmappedBam (NA12878)
[cb/bbb418] Submitted process > formatConversion:pairedFastqToUnmappedBam (NA12878)
[c2/4cfcd2] Submitted process > formatConversion:pairedFastqToUnmappedBam (NA12878)
[11/5bf251] Submitted process > formatConversion:pairedFastqToUnmappedBam (NA12878)
[d2/a20feb] Submitted process > formatConversion:pairedFastqToUnmappedBam (NA12878)
[58/b96aae] Submitted process > formatConversion:pairedFastqToUnmappedBam (NA12878)
[62/b53d00] Submitted process > formatConversion:pairedFastqToUnmappedBam (NA12878)
[a9/786d2c] Submitted process > formatConversion:pairedFastqToUnmappedBam (NA12878)
[9b/f7bf69] Submitted process > formatConversion:pairedFastqToUnmappedBam (NA12878)
[b0/99612f] Submitted process > formatConversion:pairedFastqToUnmappedBam (NA12878)
[15/09e8dd] Submitted process > formatConversion:pairedFastqToUnmappedBam (NA12878)
[c8/e7f600] Submitted process > formatConversion:pairedFastqToUnmappedBam (NA12878)
[91/24ef93] Submitted process > formatConversion:pairedFastqToUnmappedBam (NA12878)
[06/a8f359] Submitted process > formatConversion:pairedFastqToUnmappedBam (NA12878)
[94/bb7784] Submitted process > formatConversion:pairedFastqToUnmappedBam (NA12878)
[75/32e0ec] Submitted process > formatConversion:pairedFastqToUnmappedBam (NA12878)
[70/52595c] Submitted process > formatConversion:pairedFastqToUnmappedBam (NA12878)
[b3/222c0a] Submitted process > formatConversion:pairedFastqToUnmappedBam (NA12878)
[2e/fa5d20] Submitted process > formatConversion:pairedFastqToUnmappedBam (NA12878)
[38/5251ef] Submitted process > formatConversion:pairedFastqToUnmappedBam (NA12878)
[04/ac03f8] Submitted process > formatConversion:pairedFastqToUnmappedBam (NA12878)
[91/a21d51] Submitted process > formatConversion:pairedFastqToUnmappedBam (NA12878)
[ea/bdcd83] Submitted process > formatConversion:pairedFastqToUnmappedBam (NA12878)
[64/b8a8fa] Submitted process > formatConversion:pairedFastqToUnmappedBam (NA12878)
[90/5c7f48] Submitted process > formatConversion:pairedFastqToUnmappedBam (NA12878)
[c9/011980] Submitted process > formatConversion:pairedFastqToUnmappedBam (NA12878)
[48/c16584] Submitted process > formatConversion:pairedFastqToUnmappedBam (NA12878)
[fe/40cc94] Submitted process > formatConversion:pairedFastqToUnmappedBam (NA12878)
[39/15afe5] Submitted process > formatConversion:pairedFastqToUnmappedBam (NA12878)
[84/d701ff] Submitted process > formatConversion:pairedFastqToUnmappedBam (NA12878)
[ea/e8f0bd] Submitted process > formatConversion:pairedFastqToUnmappedBam (NA12878)
[d9/a19031] Submitted process > formatConversion:pairedFastqToUnmappedBam (NA12878)
[0b/5cf8b7] Submitted process > formatConversion:pairedFastqToUnmappedBam (NA12878)
[ee/3d064c] Submitted process > formatConversion:pairedFastqToUnmappedBam (NA12878)
[fe/4cbf28] Submitted process > formatConversion:pairedFastqToUnmappedBam (NA12878)
[d3/ee2320] Submitted process > formatConversion:pairedFastqToUnmappedBam (NA12878)
[ce/cdd928] Submitted process > formatConversion:pairedFastqToUnmappedBam (NA12878)
[79/0cfba2] Submitted process > formatConversion:pairedFastqToUnmappedBam (NA12878)
[c0/2a3b58] Submitted process > formatConversion:pairedFastqToUnmappedBam (NA12878)
[93/dec67b] Submitted process > formatConversion:pairedFastqToUnmappedBam (NA12878)
[82/c13acd] Submitted process > formatConversion:pairedFastqToUnmappedBam (NA12878)
[10/a24f05] Submitted process > formatConversion:pairedFastqToUnmappedBam (NA12878)
[fe/4aa0c9] Submitted process > formatConversion:pairedFastqToUnmappedBam (NA12878)
[d1/f0a52b] Submitted process > formatConversion:pairedFastqToUnmappedBam (NA12878)
[c4/a827a7] Submitted process > formatConversion:pairedFastqToUnmappedBam (NA12878)
[01/ea82ce] Submitted process > formatConversion:pairedFastqToUnmappedBam (NA12878)
[7f/95df1c] Submitted process > formatConversion:pairedFastqToUnmappedBam (NA12878)
[85/7dae66] Submitted process > formatConversion:pairedFastqToUnmappedBam (NA12878)
[e0/4eee09] Submitted process > formatConversion:pairedFastqToUnmappedBam (NA12878)
[e7/81010f] Submitted process > formatConversion:pairedFastqToUnmappedBam (NA12878)
[02/ea0acb] Submitted process > formatConversion:pairedFastqToUnmappedBam (NA12878)
[e7/bc9f3e] Submitted process > formatConversion:pairedFastqToUnmappedBam (NA12878)
[46/83650c] Submitted process > formatConversion:pairedFastqToUnmappedBam (NA12878)
[98/b23317] Submitted process > formatConversion:pairedFastqToUnmappedBam (NA12878)
[af/b8786d] Submitted process > formatConversion:pairedFastqToUnmappedBam (NA12878)
[d6/58ec9b] Submitted process > formatConversion:pairedFastqToUnmappedBam (NA12878)
[db/f66504] Submitted process > formatConversion:pairedFastqToUnmappedBam (NA12878)
[de/ebbd8c] Submitted process > formatConversion:pairedFastqToUnmappedBam (NA12878)
[29/87561b] Submitted process > formatConversion:pairedFastqToUnmappedBam (NA12878)
[1f/dec4a8] Submitted process > formatConversion:pairedFastqToUnmappedBam (NA12878)
[28/3e978d] Submitted process > formatConversion:pairedFastqToUnmappedBam (NA12878)
[9f/02394c] Submitted process > formatConversion:pairedFastqToUnmappedBam (NA12878)
[65/ca079a] Submitted process > formatConversion:pairedFastqToUnmappedBam (NA12878)
[98/f06be5] Submitted process > formatConversion:pairedFastqToUnmappedBam (NA12878)
[35/2c40f7] Submitted process > formatConversion:pairedFastqToUnmappedBam (NA12878)
[05/9ada15] Submitted process > formatConversion:pairedFastqToUnmappedBam (NA12878)
[c6/82d73f] Submitted process > formatConversion:pairedFastqToUnmappedBam (NA12878)
[38/37c8b4] Submitted process > formatConversion:pairedFastqToUnmappedBam (NA12878)
[d9/3cd2a5] Submitted process > formatConversion:pairedFastqToUnmappedBam (NA12878)
[5c/a53abe] Submitted process > formatConversion:pairedFastqToUnmappedBam (NA12878)
[10/65a40f] Submitted process > formatConversion:pairedFastqToUnmappedBam (NA12878)
[d3/66aeac] Submitted process > formatConversion:pairedFastqToUnmappedBam (NA12878)
[5e/7aef9f] Submitted process > formatConversion:pairedFastqToUnmappedBam (NA12878)
[7f/b034d3] Submitted process > formatConversion:pairedFastqToUnmappedBam (NA12878)
[d3/51c895] Submitted process > formatConversion:pairedFastqToUnmappedBam (NA12878)
[ac/144d64] Submitted process > formatConversion:pairedFastqToUnmappedBam (NA12878)
[e4/b29b1f] Submitted process > formatConversion:pairedFastqToUnmappedBam (NA12878)
[39/f661d0] Submitted process > formatConversion:pairedFastqToUnmappedBam (NA12878)
[9f/386c73] Submitted process > formatConversion:pairedFastqToUnmappedBam (NA12878)
[c2/05393e] Submitted process > formatConversion:pairedFastqToUnmappedBam (NA12878)
[50/6cc432] Submitted process > formatConversion:pairedFastqToUnmappedBam (NA12878)
[18/5ec389] Submitted process > formatConversion:pairedFastqToUnmappedBam (NA12878)
[de/1daa1f] Submitted process > formatConversion:pairedFastqToUnmappedBam (NA12878)
[cb/cf4041] Submitted process > formatConversion:pairedFastqToUnmappedBam (NA12878)
[d1/50d2ec] Submitted process > formatConversion:pairedFastqToUnmappedBam (NA12878)
[b7/4c7c47] Submitted process > formatConversion:pairedFastqToUnmappedBam (NA12878)
[93/e2f1aa] Submitted process > formatConversion:pairedFastqToUnmappedBam (NA12878)
[22/d6a4dd] Submitted process > formatConversion:pairedFastqToUnmappedBam (NA12878)
[d6/0260a7] Submitted process > formatConversion:pairedFastqToUnmappedBam (NA12878)
[29/9be64c] Submitted process > formatConversion:pairedFastqToUnmappedBam (NA12878)
[62/91d9e0] Submitted process > formatConversion:pairedFastqToUnmappedBam (NA12878)
[5c/ca8753] Submitted process > formatConversion:pairedFastqToUnmappedBam (NA12878)
[d2/5a7df8] Submitted process > formatConversion:pairedFastqToUnmappedBam (NA12878)
[d0/7407c7] Submitted process > formatConversion:pairedFastqToUnmappedBam (NA12878)
[65/86e7ac] Submitted process > formatConversion:pairedFastqToUnmappedBam (NA12878)
[cd/b2d907] Submitted process > formatConversion:pairedFastqToUnmappedBam (NA12878)
[f6/67da02] Submitted process > formatConversion:pairedFastqToUnmappedBam (NA12878)
[9d/517f1b] Submitted process > formatConversion:pairedFastqToUnmappedBam (NA12878)
[75/692086] Submitted process > formatConversion:pairedFastqToUnmappedBam (NA12878)
[5b/12d722] Submitted process > formatConversion:pairedFastqToUnmappedBam (NA12878)
[4c/318b30] Submitted process > formatConversion:pairedFastqToUnmappedBam (NA12878)
[0f/135ebb] Submitted process > formatConversion:pairedFastqToUnmappedBam (NA12878)
[e0/fbca3d] Submitted process > formatConversion:pairedFastqToUnmappedBam (NA12878)
[fc/6967c0] Submitted process > formatConversion:pairedFastqToUnmappedBam (NA12878)
[bc/ac1dbf] Submitted process > formatConversion:pairedFastqToUnmappedBam (NA12878)
[eb/ae0f1f] Submitted process > formatConversion:pairedFastqToUnmappedBam (NA12878)
[fc/b7e316] Submitted process > formatConversion:pairedFastqToUnmappedBam (NA12878)
[b1/868434] Submitted process > formatConversion:pairedFastqToUnmappedBam (NA12878)
[c9/a921da] Submitted process > formatConversion:pairedFastqToUnmappedBam (NA12878)
[44/2b76a6] Submitted process > formatConversion:pairedFastqToUnmappedBam (NA12878)
[78/cf5534] Submitted process > formatConversion:pairedFastqToUnmappedBam (NA12878)
[4e/af4fff] Submitted process > formatConversion:pairedFastqToUnmappedBam (NA12878)
[a6/068098] Submitted process > formatConversion:pairedFastqToUnmappedBam (NA12878)
[39/d37872] Submitted process > formatConversion:pairedFastqToUnmappedBam (NA12878)
[6d/2d30c0] Submitted process > formatConversion:pairedFastqToUnmappedBam (NA12878)
[15/c87e12] Submitted process > formatConversion:pairedFastqToUnmappedBam (NA12878)
[36/e23ee8] Submitted process > formatConversion:pairedFastqToUnmappedBam (NA12878)
[01/ac230e] Submitted process > formatConversion:pairedFastqToUnmappedBam (NA12878)
[ef/448a11] Submitted process > formatConversion:pairedFastqToUnmappedBam (NA12878)
[11/baee20] Submitted process > formatConversion:pairedFastqToUnmappedBam (NA12878)
[da/18b0aa] Submitted process > formatConversion:pairedFastqToUnmappedBam (NA12878)
[1d/233769] Submitted process > formatConversion:pairedFastqToUnmappedBam (NA12878)
[ea/f04f8b] Submitted process > formatConversion:pairedFastqToUnmappedBam (NA12878)
[19/574a1c] Submitted process > formatConversion:pairedFastqToUnmappedBam (NA12878)
[a5/7d0464] Submitted process > formatConversion:pairedFastqToUnmappedBam (NA12878)
[11/f1d776] Submitted process > formatConversion:pairedFastqToUnmappedBam (NA12878)
[01/c7234a] Submitted process > formatConversion:pairedFastqToUnmappedBam (NA12878)
[4e/490e05] Submitted process > formatConversion:pairedFastqToUnmappedBam (NA12878)
[52/141466] Submitted process > formatConversion:pairedFastqToUnmappedBam (NA12878)
[48/c215d3] Submitted process > formatConversion:pairedFastqToUnmappedBam (NA12878)
[7b/d122df] Submitted process > formatConversion:pairedFastqToUnmappedBam (NA12878)
[46/f0a3c3] Submitted process > formatConversion:pairedFastqToUnmappedBam (NA12878)
[04/895b56] Submitted process > formatConversion:pairedFastqToUnmappedBam (NA12878)
[14/ef10a5] Submitted process > formatConversion:pairedFastqToUnmappedBam (NA12878)
[36/dd5a6c] Submitted process > formatConversion:pairedFastqToUnmappedBam (NA12878)
[21/c0fe52] Submitted process > formatConversion:pairedFastqToUnmappedBam (NA12878)
[b4/b6355a] Submitted process > formatConversion:pairedFastqToUnmappedBam (NA12878)
[96/32b87d] Submitted process > formatConversion:pairedFastqToUnmappedBam (NA12878)
[46/05fa39] Submitted process > formatConversion:pairedFastqToUnmappedBam (NA12878)
[f5/27634a] Submitted process > formatConversion:pairedFastqToUnmappedBam (NA12878)
[7b/e64a50] Submitted process > formatConversion:pairedFastqToUnmappedBam (NA12878)
[fe/cb4c5a] Submitted process > formatConversion:pairedFastqToUnmappedBam (NA12878)
[18/3a4a11] Submitted process > formatConversion:pairedFastqToUnmappedBam (NA12878)
[33/61d5e0] Submitted process > formatConversion:pairedFastqToUnmappedBam (NA12878)
[76/a86f9a] Submitted process > formatConversion:pairedFastqToUnmappedBam (NA12878)
[96/438425] Submitted process > formatConversion:pairedFastqToUnmappedBam (NA12878)
[76/1000ee] Submitted process > formatConversion:pairedFastqToUnmappedBam (NA12878)
[41/40934c] Submitted process > formatConversion:pairedFastqToUnmappedBam (NA12878)
[c2/e1c073] Submitted process > formatConversion:pairedFastqToUnmappedBam (NA12878)
[1d/9aa376] Submitted process > formatConversion:pairedFastqToUnmappedBam (NA12878)
[80/e03938] Submitted process > formatConversion:pairedFastqToUnmappedBam (NA12878)
[9d/92c5d8] Submitted process > formatConversion:pairedFastqToUnmappedBam (NA12878)
[45/169d59] Submitted process > formatConversion:pairedFastqToUnmappedBam (NA12878)
[92/82d0e8] Submitted process > formatConversion:pairedFastqToUnmappedBam (NA12878)
[6b/45dc2d] Submitted process > formatConversion:pairedFastqToUnmappedBam (NA12878)
[23/ba17be] Submitted process > formatConversion:pairedFastqToUnmappedBam (NA12878)
[8b/39d135] Submitted process > formatConversion:pairedFastqToUnmappedBam (NA12878)
[39/6d44d0] Submitted process > formatConversion:pairedFastqToUnmappedBam (NA12878)
[3c/93cc5a] Submitted process > formatConversion:pairedFastqToUnmappedBam (NA12878)
[2d/b3f611] Submitted process > formatConversion:pairedFastqToUnmappedBam (NA12878)
[36/d0d3ed] Submitted process > formatConversion:pairedFastqToUnmappedBam (NA12878)
[70/1de414] Submitted process > formatConversion:pairedFastqToUnmappedBam (NA12878)
[0c/48ea38] Submitted process > formatConversion:pairedFastqToUnmappedBam (NA12878)
[11/f5c37a] Submitted process > formatConversion:pairedFastqToUnmappedBam (NA12878)
[9e/35aa6b] Submitted process > formatConversion:pairedFastqToUnmappedBam (NA12878)
[73/d0aaec] Submitted process > formatConversion:pairedFastqToUnmappedBam (NA12878)
[e9/bd83ed] Submitted process > formatConversion:pairedFastqToUnmappedBam (NA12878)
[c0/cd5e78] Submitted process > formatConversion:pairedFastqToUnmappedBam (NA12878)
[85/448f39] Submitted process > formatConversion:pairedFastqToUnmappedBam (NA12878)
[76/b2ffc7] Submitted process > formatConversion:pairedFastqToUnmappedBam (NA12878)
[80/ee7757] Submitted process > formatConversion:pairedFastqToUnmappedBam (NA12878)
[c5/3a38f2] Submitted process > formatConversion:pairedFastqToUnmappedBam (NA12878)
[b0/9b5b1f] Submitted process > formatConversion:pairedFastqToUnmappedBam (NA12878)
[76/c07de8] Submitted process > formatConversion:pairedFastqToUnmappedBam (NA12878)
[8a/ee99f8] Submitted process > formatConversion:pairedFastqToUnmappedBam (NA12878)
[a2/18cadc] Submitted process > formatConversion:pairedFastqToUnmappedBam (NA12878)
[cd/23a898] Submitted process > formatConversion:pairedFastqToUnmappedBam (NA12878)
[41/07532f] Submitted process > formatConversion:pairedFastqToUnmappedBam (NA12878)
[ad/c05779] Submitted process > formatConversion:pairedFastqToUnmappedBam (NA12878)
[83/71f4c9] Submitted process > formatConversion:pairedFastqToUnmappedBam (NA12878)
[83/fd219d] Submitted process > formatConversion:pairedFastqToUnmappedBam (NA12878)
[e7/26cf8c] Submitted process > formatConversion:pairedFastqToUnmappedBam (NA12878)
[7c/37482e] Submitted process > formatConversion:pairedFastqToUnmappedBam (NA12878)
[a5/f38e8a] Submitted process > formatConversion:pairedFastqToUnmappedBam (NA12878)
[ad/eb96e3] Submitted process > formatConversion:pairedFastqToUnmappedBam (NA12878)
[16/011712] Submitted process > formatConversion:pairedFastqToUnmappedBam (NA12878)
[ef/c57a23] Submitted process > formatConversion:pairedFastqToUnmappedBam (NA12878)
[df/9ec04d] Submitted process > formatConversion:pairedFastqToUnmappedBam (NA12878)
[6d/9b16e3] Submitted process > formatConversion:pairedFastqToUnmappedBam (NA12878)
[88/29c39f] Submitted process > formatConversion:pairedFastqToUnmappedBam (NA12878)
[9e/8dd89f] Submitted process > formatConversion:pairedFastqToUnmappedBam (NA12878)
[cd/92e62d] Submitted process > formatConversion:pairedFastqToUnmappedBam (NA12878)
[02/6829d2] Submitted process > formatConversion:pairedFastqToUnmappedBam (NA12878)
[7d/61722f] Submitted process > formatConversion:pairedFastqToUnmappedBam (NA12878)
[33/31d402] Submitted process > formatConversion:pairedFastqToUnmappedBam (NA12878)
[bc/6c3a13] Submitted process > formatConversion:pairedFastqToUnmappedBam (NA12878)
[0a/cfc467] Submitted process > formatConversion:pairedFastqToUnmappedBam (NA12878)
[9e/3ac16f] Submitted process > formatConversion:pairedFastqToUnmappedBam (NA12878)
[57/44880e] Submitted process > formatConversion:pairedFastqToUnmappedBam (NA12878)
[f5/c5f3a6] Submitted process > formatConversion:pairedFastqToUnmappedBam (NA12878)
[c7/fcfe16] Submitted process > formatConversion:pairedFastqToUnmappedBam (NA12878)
[cc/296cb7] Submitted process > formatConversion:pairedFastqToUnmappedBam (NA12878)
[de/f95248] Submitted process > formatConversion:pairedFastqToUnmappedBam (NA12878)
[b4/72c32f] Submitted process > formatConversion:pairedFastqToUnmappedBam (NA12878)
[0a/8a6546] Submitted process > formatConversion:pairedFastqToUnmappedBam (NA12878)
[fc/7531aa] Submitted process > formatConversion:pairedFastqToUnmappedBam (NA12878)
[ec/b28a40] Submitted process > formatConversion:pairedFastqToUnmappedBam (NA12878)
[f3/b3a4d6] Submitted process > formatConversion:pairedFastqToUnmappedBam (NA12878)
[08/dd2aa8] Submitted process > formatConversion:pairedFastqToUnmappedBam (NA12878)
[1d/2a4cef] Submitted process > formatConversion:pairedFastqToUnmappedBam (NA12878)
[b8/193e9d] Submitted process > formatConversion:pairedFastqToUnmappedBam (NA12878)
[58/0cd2d4] Submitted process > formatConversion:pairedFastqToUnmappedBam (NA12878)
[40/8e801d] Submitted process > formatConversion:pairedFastqToUnmappedBam (NA12878)
[14/1d8595] Submitted process > formatConversion:pairedFastqToUnmappedBam (NA12878)
[f3/d3fa71] Submitted process > formatConversion:pairedFastqToUnmappedBam (NA12878)
[82/d6a813] Submitted process > formatConversion:pairedFastqToUnmappedBam (NA12878)
[d4/f20361] Submitted process > formatConversion:pairedFastqToUnmappedBam (NA12878)
[65/5eea38] Submitted process > formatConversion:pairedFastqToUnmappedBam (NA12878)
[db/aa0ec6] Submitted process > formatConversion:pairedFastqToUnmappedBam (NA12878)
[25/1eb24a] Submitted process > formatConversion:pairedFastqToUnmappedBam (NA12878)
[3d/a204a0] Submitted process > formatConversion:pairedFastqToUnmappedBam (NA12878)
[30/7f0c59] Submitted process > formatConversion:pairedFastqToUnmappedBam (NA12878)
[f2/639b09] Submitted process > formatConversion:pairedFastqToUnmappedBam (NA12878)
[3d/781c01] Submitted process > formatConversion:pairedFastqToUnmappedBam (NA12878)
[88/c387c7] Submitted process > formatConversion:pairedFastqToUnmappedBam (NA12878)
[a4/8677d2] Submitted process > formatConversion:pairedFastqToUnmappedBam (NA12878)
[b8/058997] Submitted process > formatConversion:pairedFastqToUnmappedBam (NA12878)
[32/cbfdea] Submitted process > formatConversion:pairedFastqToUnmappedBam (NA12878)
[d1/913a5a] Submitted process > formatConversion:pairedFastqToUnmappedBam (NA12878)
[d9/9d1612] Submitted process > formatConversion:pairedFastqToUnmappedBam (NA12878)
[4b/745d60] Submitted process > formatConversion:pairedFastqToUnmappedBam (NA12878)
[85/3b3c39] Submitted process > formatConversion:pairedFastqToUnmappedBam (NA12878)
[42/1611ad] Submitted process > formatConversion:pairedFastqToUnmappedBam (NA12878)
[89/17533c] Submitted process > formatConversion:pairedFastqToUnmappedBam (NA12878)
[ec/4c4632] Submitted process > formatConversion:pairedFastqToUnmappedBam (NA12878)
[7b/9f8dc6] Submitted process > formatConversion:pairedFastqToUnmappedBam (NA12878)
[25/175d2d] Submitted process > formatConversion:pairedFastqToUnmappedBam (NA12878)
[32/857fd9] Submitted process > formatConversion:pairedFastqToUnmappedBam (NA12878)
[4f/91451c] Submitted process > formatConversion:pairedFastqToUnmappedBam (NA12878)
[0b/f42a67] Submitted process > formatConversion:pairedFastqToUnmappedBam (NA12878)
[83/db4f1f] Submitted process > formatConversion:pairedFastqToUnmappedBam (NA12878)
[36/942c39] Submitted process > formatConversion:pairedFastqToUnmappedBam (NA12878)
[fa/6e6996] Submitted process > formatConversion:pairedFastqToUnmappedBam (NA12878)
[67/6aedc6] Submitted process > formatConversion:pairedFastqToUnmappedBam (NA12878)
[54/e9698b] Submitted process > formatConversion:pairedFastqToUnmappedBam (NA12878)
[40/f964a2] Submitted process > formatConversion:pairedFastqToUnmappedBam (NA12878)
[32/cf543d] Submitted process > formatConversion:pairedFastqToUnmappedBam (NA12878)
[9b/e35a5a] Submitted process > formatConversion:pairedFastqToUnmappedBam (NA12878)
[5b/7055e3] Submitted process > formatConversion:pairedFastqToUnmappedBam (NA12878)
[db/7b8039] Submitted process > formatConversion:pairedFastqToUnmappedBam (NA12878)
[cc/6650fa] Submitted process > formatConversion:pairedFastqToUnmappedBam (NA12878)
[25/090969] Submitted process > formatConversion:pairedFastqToUnmappedBam (NA12878)
[5b/ec2f8b] Submitted process > formatConversion:pairedFastqToUnmappedBam (NA12878)
[67/54bdaa] Submitted process > formatConversion:pairedFastqToUnmappedBam (NA12878)
[3f/85748b] Submitted process > formatConversion:pairedFastqToUnmappedBam (NA12878)
[41/70cb19] Submitted process > formatConversion:pairedFastqToUnmappedBam (NA12878)
[7d/db6598] Submitted process > formatConversion:pairedFastqToUnmappedBam (NA12878)
[e7/8706e1] Submitted process > formatConversion:pairedFastqToUnmappedBam (NA12878)
[f9/06b3c2] Submitted process > formatConversion:pairedFastqToUnmappedBam (NA12878)
[52/b3446a] Submitted process > formatConversion:pairedFastqToUnmappedBam (NA12878)
[f2/fd373b] Submitted process > formatConversion:pairedFastqToUnmappedBam (NA12878)
[d6/3171ff] Submitted process > formatConversion:pairedFastqToUnmappedBam (NA12878)
[54/08bc15] Submitted process > formatConversion:pairedFastqToUnmappedBam (NA12878)
[40/b205d7] Submitted process > formatConversion:pairedFastqToUnmappedBam (NA12878)
[6f/21be8e] Submitted process > formatConversion:pairedFastqToUnmappedBam (NA12878)
[94/a23838] Submitted process > formatConversion:pairedFastqToUnmappedBam (NA12878)
[10/1c94b5] Submitted process > formatConversion:pairedFastqToUnmappedBam (NA12878)
[20/9ce1a2] Submitted process > formatConversion:pairedFastqToUnmappedBam (NA12878)
[d8/2b388d] Submitted process > formatConversion:pairedFastqToUnmappedBam (NA12878)
[01/1f2653] Submitted process > formatConversion:pairedFastqToUnmappedBam (NA12878)
[ec/700426] Submitted process > formatConversion:pairedFastqToUnmappedBam (NA12878)
[47/8cdf43] Submitted process > formatConversion:pairedFastqToUnmappedBam (NA12878)
[2d/fd545e] Submitted process > formatConversion:pairedFastqToUnmappedBam (NA12878)
[1b/e1c0e9] Submitted process > formatConversion:pairedFastqToUnmappedBam (NA12878)
[92/2f05a4] Submitted process > formatConversion:pairedFastqToUnmappedBam (NA12878)
[69/83acd0] Submitted process > formatConversion:pairedFastqToUnmappedBam (NA12878)
[06/cab953] Submitted process > formatConversion:pairedFastqToUnmappedBam (NA12878)
[c7/28ce83] Submitted process > formatConversion:pairedFastqToUnmappedBam (NA12878)
[55/31989c] Submitted process > formatConversion:pairedFastqToUnmappedBam (NA12878)
[0a/4067a6] Submitted process > formatConversion:pairedFastqToUnmappedBam (NA12878)
[a4/da3799] Submitted process > formatConversion:pairedFastqToUnmappedBam (NA12878)
[69/eb8e21] Submitted process > formatConversion:pairedFastqToUnmappedBam (NA12878)
[ab/efb6d5] Submitted process > formatConversion:pairedFastqToUnmappedBam (NA12878)
[04/7db088] Submitted process > formatConversion:pairedFastqToUnmappedBam (NA12878)
[f2/fa9274] Submitted process > formatConversion:pairedFastqToUnmappedBam (NA12878)
[47/84304c] Submitted process > formatConversion:pairedFastqToUnmappedBam (NA12878)
[54/285cc5] Submitted process > formatConversion:pairedFastqToUnmappedBam (NA12878)
[67/6c2db3] Submitted process > formatConversion:pairedFastqToUnmappedBam (NA12878)
[95/7f027c] Submitted process > formatConversion:pairedFastqToUnmappedBam (NA12878)
[0c/18386b] Submitted process > formatConversion:pairedFastqToUnmappedBam (NA12878)
[16/6fc875] Submitted process > formatConversion:pairedFastqToUnmappedBam (NA12878)
[65/68beef] Submitted process > formatConversion:pairedFastqToUnmappedBam (NA12878)
[ee/80e7ef] Submitted process > formatConversion:pairedFastqToUnmappedBam (NA12878)
[8b/a61fef] Submitted process > formatConversion:pairedFastqToUnmappedBam (NA12878)
[ce/018116] Submitted process > formatConversion:pairedFastqToUnmappedBam (NA12878)
[b2/b21687] Submitted process > formatConversion:pairedFastqToUnmappedBam (NA12878)
[48/d04d44] Submitted process > formatConversion:pairedFastqToUnmappedBam (NA12878)
[75/ed29fe] Submitted process > formatConversion:pairedFastqToUnmappedBam (NA12878)
[40/3e2785] Submitted process > formatConversion:pairedFastqToUnmappedBam (NA12878)
[ac/70ae64] Submitted process > formatConversion:pairedFastqToUnmappedBam (NA12878)
[cb/d34639] Submitted process > formatConversion:pairedFastqToUnmappedBam (NA12878)
[27/309d59] Submitted process > formatConversion:pairedFastqToUnmappedBam (NA12878)
[e1/94a924] Submitted process > formatConversion:pairedFastqToUnmappedBam (NA12878)
[c0/239b3a] Submitted process > formatConversion:pairedFastqToUnmappedBam (NA12878)
[fe/26324d] Submitted process > formatConversion:pairedFastqToUnmappedBam (NA12878)
[04/95bda6] Submitted process > formatConversion:pairedFastqToUnmappedBam (NA12878)
[c8/d83dde] Submitted process > formatConversion:pairedFastqToUnmappedBam (NA12878)
[27/ada704] Submitted process > formatConversion:pairedFastqToUnmappedBam (NA12878)
[4f/1e4e1c] Submitted process > formatConversion:pairedFastqToUnmappedBam (NA12878)
[47/9d3a7e] Submitted process > formatConversion:pairedFastqToUnmappedBam (NA12878)
[80/725405] Submitted process > formatConversion:pairedFastqToUnmappedBam (NA12878)
[ec/d2912b] Submitted process > formatConversion:pairedFastqToUnmappedBam (NA12878)
[68/6a385b] Submitted process > formatConversion:pairedFastqToUnmappedBam (NA12878)
[65/ab1913] Submitted process > formatConversion:pairedFastqToUnmappedBam (NA12878)
[3a/268d4e] Submitted process > formatConversion:pairedFastqToUnmappedBam (NA12878)
[38/0b7444] Submitted process > formatConversion:pairedFastqToUnmappedBam (NA12878)
[8a/acbeef] Submitted process > formatConversion:pairedFastqToUnmappedBam (NA12878)
[6a/5acfda] Submitted process > formatConversion:pairedFastqToUnmappedBam (NA12878)
[fe/928e3f] Submitted process > formatConversion:pairedFastqToUnmappedBam (NA12878)
[3d/a14055] Submitted process > formatConversion:pairedFastqToUnmappedBam (NA12878)
[93/4ee37d] Submitted process > formatConversion:pairedFastqToUnmappedBam (NA12878)
[04/cd366e] Submitted process > formatConversion:pairedFastqToUnmappedBam (NA12878)
[60/a583a6] Submitted process > formatConversion:pairedFastqToUnmappedBam (NA12878)
[7a/9aa3bf] Submitted process > formatConversion:pairedFastqToUnmappedBam (NA12878)
[85/fb574e] Submitted process > formatConversion:pairedFastqToUnmappedBam (NA12878)
[68/72c9db] Submitted process > formatConversion:pairedFastqToUnmappedBam (NA12878)
[7b/fb80f1] Submitted process > formatConversion:pairedFastqToUnmappedBam (NA12878)
[7f/b26072] Submitted process > formatConversion:pairedFastqToUnmappedBam (NA12878)
[fb/544968] Submitted process > formatConversion:pairedFastqToUnmappedBam (NA12878)
[4e/075226] Submitted process > formatConversion:pairedFastqToUnmappedBam (NA12878)
[ea/7c5165] Submitted process > formatConversion:pairedFastqToUnmappedBam (NA12878)
[94/3104f8] Submitted process > formatConversion:pairedFastqToUnmappedBam (NA12878)
[d0/11d4fa] Submitted process > formatConversion:pairedFastqToUnmappedBam (NA12878)
[51/08a976] Submitted process > formatConversion:pairedFastqToUnmappedBam (NA12878)
[fb/68f93a] Submitted process > formatConversion:pairedFastqToUnmappedBam (NA12878)
[79/894992] Submitted process > formatConversion:pairedFastqToUnmappedBam (NA12878)
[3c/36bdcf] Submitted process > formatConversion:pairedFastqToUnmappedBam (NA12878)
[d5/78e742] Submitted process > formatConversion:pairedFastqToUnmappedBam (NA12878)
[96/47d2a2] Submitted process > formatConversion:pairedFastqToUnmappedBam (NA12878)
[42/325b6a] Submitted process > formatConversion:pairedFastqToUnmappedBam (NA12878)
[0e/6a3e89] Submitted process > formatConversion:pairedFastqToUnmappedBam (NA12878)
[25/a52d55] Submitted process > formatConversion:pairedFastqToUnmappedBam (NA12878)
[b2/5afc4b] Submitted process > formatConversion:pairedFastqToUnmappedBam (NA12878)
[16/fbb89f] Submitted process > formatConversion:pairedFastqToUnmappedBam (NA12878)
[7a/216e28] Submitted process > formatConversion:pairedFastqToUnmappedBam (NA12878)
[a0/a76486] Submitted process > formatConversion:pairedFastqToUnmappedBam (NA12878)
[16/7c1a56] Submitted process > formatConversion:pairedFastqToUnmappedBam (NA12878)
[02/169891] Submitted process > formatConversion:pairedFastqToUnmappedBam (NA12878)
[88/6530ba] Submitted process > formatConversion:pairedFastqToUnmappedBam (NA12878)
[69/ef019d] Submitted process > formatConversion:pairedFastqToUnmappedBam (NA12878)
[39/d37677] Submitted process > formatConversion:pairedFastqToUnmappedBam (NA12878)
[fd/983d4a] Submitted process > formatConversion:pairedFastqToUnmappedBam (NA12878)
[4f/d5fd4b] Submitted process > formatConversion:pairedFastqToUnmappedBam (NA12878)
[d4/b88f5b] Submitted process > formatConversion:pairedFastqToUnmappedBam (NA12878)
[af/efabbb] Submitted process > formatConversion:pairedFastqToUnmappedBam (NA12878)
[df/2791f0] Submitted process > formatConversion:pairedFastqToUnmappedBam (NA12878)
[83/9f18d4] Submitted process > formatConversion:pairedFastqToUnmappedBam (NA12878)
[5a/568384] Submitted process > formatConversion:pairedFastqToUnmappedBam (NA12878)
[ce/4c5f08] Submitted process > formatConversion:pairedFastqToUnmappedBam (NA12878)
[3a/40eda6] Submitted process > formatConversion:pairedFastqToUnmappedBam (NA12878)
[a4/1aa028] Submitted process > formatConversion:pairedFastqToUnmappedBam (NA12878)
[22/c33487] Submitted process > formatConversion:pairedFastqToUnmappedBam (NA12878)
[6c/43a60d] Submitted process > formatConversion:pairedFastqToUnmappedBam (NA12878)
[75/2ce13c] Submitted process > formatConversion:pairedFastqToUnmappedBam (NA12878)
[21/6e5407] Submitted process > formatConversion:pairedFastqToUnmappedBam (NA12878)
[3f/fa7c83] Submitted process > formatConversion:pairedFastqToUnmappedBam (NA12878)
[84/ac016a] Submitted process > formatConversion:pairedFastqToUnmappedBam (NA12878)
[7d/e1d1ae] Submitted process > formatConversion:pairedFastqToUnmappedBam (NA12878)
[e3/f46ffd] Submitted process > formatConversion:pairedFastqToUnmappedBam (NA12878)
[14/fcffbc] Submitted process > formatConversion:pairedFastqToUnmappedBam (NA12878)
[aa/5480e2] Submitted process > formatConversion:pairedFastqToUnmappedBam (NA12878)
[cf/45f6d7] Submitted process > formatConversion:pairedFastqToUnmappedBam (NA12878)
[1f/91efed] Submitted process > formatConversion:pairedFastqToUnmappedBam (NA12878)
[b0/7d546b] Submitted process > formatConversion:pairedFastqToUnmappedBam (NA12878)
[c3/6c6f60] Submitted process > formatConversion:pairedFastqToUnmappedBam (NA12878)
[d6/0f99bc] Submitted process > formatConversion:pairedFastqToUnmappedBam (NA12878)
[da/e8a52d] Submitted process > formatConversion:pairedFastqToUnmappedBam (NA12878)
[47/cb8c8f] Submitted process > formatConversion:pairedFastqToUnmappedBam (NA12878)
[fd/43bb10] Submitted process > formatConversion:pairedFastqToUnmappedBam (NA12878)
[13/ccaa35] Submitted process > formatConversion:pairedFastqToUnmappedBam (NA12878)
[fb/a0b9d7] Submitted process > formatConversion:pairedFastqToUnmappedBam (NA12878)
[60/67fee1] Submitted process > formatConversion:pairedFastqToUnmappedBam (NA12878)
[51/3d34c5] Submitted process > formatConversion:pairedFastqToUnmappedBam (NA12878)
[ab/669323] Submitted process > formatConversion:pairedFastqToUnmappedBam (NA12878)
[02/9a7338] Submitted process > formatConversion:pairedFastqToUnmappedBam (NA12878)
[87/3dd4d4] Submitted process > formatConversion:pairedFastqToUnmappedBam (NA12878)
[fc/4c6ff8] Submitted process > formatConversion:pairedFastqToUnmappedBam (NA12878)
[13/1847ba] Submitted process > formatConversion:pairedFastqToUnmappedBam (NA12878)
[f1/51a421] Submitted process > formatConversion:pairedFastqToUnmappedBam (NA12878)
[b4/31e195] Submitted process > formatConversion:pairedFastqToUnmappedBam (NA12878)
[40/469fab] Submitted process > formatConversion:pairedFastqToUnmappedBam (NA12878)
[68/c7b308] Submitted process > formatConversion:pairedFastqToUnmappedBam (NA12878)
[e9/e53e32] Submitted process > formatConversion:pairedFastqToUnmappedBam (NA12878)
[64/65406e] Submitted process > formatConversion:pairedFastqToUnmappedBam (NA12878)
[8b/e76965] Submitted process > formatConversion:pairedFastqToUnmappedBam (NA12878)
[f4/fa9454] Submitted process > formatConversion:pairedFastqToUnmappedBam (NA12878)
[55/d88e4d] Submitted process > formatConversion:pairedFastqToUnmappedBam (NA12878)
[64/85edae] Submitted process > formatConversion:pairedFastqToUnmappedBam (NA12878)
[eb/85781f] Submitted process > formatConversion:pairedFastqToUnmappedBam (NA12878)
[9f/25d8d8] Submitted process > formatConversion:pairedFastqToUnmappedBam (NA12878)
[c4/c69f87] Submitted process > formatConversion:pairedFastqToUnmappedBam (NA12878)
[d6/2cafe5] Submitted process > formatConversion:pairedFastqToUnmappedBam (NA12878)
[26/ea4d48] Submitted process > formatConversion:pairedFastqToUnmappedBam (NA12878)
[5c/8f437c] Submitted process > formatConversion:pairedFastqToUnmappedBam (NA12878)
[fa/ade638] Submitted process > formatConversion:pairedFastqToUnmappedBam (NA12878)
[ef/a42f34] Submitted process > formatConversion:pairedFastqToUnmappedBam (NA12878)
[7c/7a0d89] Submitted process > formatConversion:pairedFastqToUnmappedBam (NA12878)
[2e/9af49f] Submitted process > formatConversion:pairedFastqToUnmappedBam (NA12878)
[c4/874a5e] Submitted process > formatConversion:pairedFastqToUnmappedBam (NA12878)
[d7/6e964c] Submitted process > formatConversion:pairedFastqToUnmappedBam (NA12878)
[89/cce85e] Submitted process > formatConversion:pairedFastqToUnmappedBam (NA12878)
[c6/720ce3] Submitted process > formatConversion:pairedFastqToUnmappedBam (NA12878)
[a4/6b5592] Submitted process > formatConversion:pairedFastqToUnmappedBam (NA12878)
[95/3c9a44] Submitted process > formatConversion:pairedFastqToUnmappedBam (NA12878)
[67/f50923] Submitted process > formatConversion:pairedFastqToUnmappedBam (NA12878)
[db/a4245a] Submitted process > formatConversion:pairedFastqToUnmappedBam (NA12878)
[ae/b7d726] Submitted process > formatConversion:pairedFastqToUnmappedBam (NA12878)
[b0/b90dee] Submitted process > formatConversion:pairedFastqToUnmappedBam (NA12878)
[80/338344] Submitted process > formatConversion:pairedFastqToUnmappedBam (NA12878)
[d1/f59cd7] Submitted process > formatConversion:pairedFastqToUnmappedBam (NA12878)
[04/d42bc3] Submitted process > formatConversion:pairedFastqToUnmappedBam (NA12878)
[f3/d31c0c] Submitted process > formatConversion:pairedFastqToUnmappedBam (NA12878)
[54/5c2846] Submitted process > formatConversion:pairedFastqToUnmappedBam (NA12878)
[81/57143e] Submitted process > formatConversion:pairedFastqToUnmappedBam (NA12878)
[51/d4c970] Submitted process > formatConversion:pairedFastqToUnmappedBam (NA12878)
[fb/a5c387] Submitted process > formatConversion:pairedFastqToUnmappedBam (NA12878)
[6c/944af1] Submitted process > formatConversion:pairedFastqToUnmappedBam (NA12878)
[8f/acf29f] Submitted process > formatConversion:pairedFastqToUnmappedBam (NA12878)
[b2/67c460] Submitted process > formatConversion:pairedFastqToUnmappedBam (NA12878)
[0e/52e61c] Submitted process > formatConversion:pairedFastqToUnmappedBam (NA12878)
[cd/4f6c17] Submitted process > formatConversion:pairedFastqToUnmappedBam (NA12878)
[21/e83fd7] Submitted process > formatConversion:pairedFastqToUnmappedBam (NA12878)
[a4/3b8093] Submitted process > formatConversion:pairedFastqToUnmappedBam (NA12878)
[fc/faf53a] Submitted process > formatConversion:pairedFastqToUnmappedBam (NA12878)
[80/bb98b6] Submitted process > formatConversion:pairedFastqToUnmappedBam (NA12878)
[ec/b5d6b9] Submitted process > formatConversion:pairedFastqToUnmappedBam (NA12878)
[77/2f3d72] Submitted process > formatConversion:pairedFastqToUnmappedBam (NA12878)
[6c/e14599] Submitted process > formatConversion:pairedFastqToUnmappedBam (NA12878)
[33/4dd0b2] Submitted process > formatConversion:pairedFastqToUnmappedBam (NA12878)
[51/f6551f] Submitted process > formatConversion:pairedFastqToUnmappedBam (NA12878)
[c8/4d4d2e] Submitted process > formatConversion:pairedFastqToUnmappedBam (NA12878)
[ae/618b28] Submitted process > formatConversion:pairedFastqToUnmappedBam (NA12878)
[c2/97d092] Submitted process > formatConversion:pairedFastqToUnmappedBam (NA12878)
[a1/1576ee] Submitted process > formatConversion:pairedFastqToUnmappedBam (NA12878)
[ac/5bdd07] Submitted process > formatConversion:pairedFastqToUnmappedBam (NA12878)
[75/1bbf18] Submitted process > formatConversion:pairedFastqToUnmappedBam (NA12878)
[b4/b7e864] Submitted process > formatConversion:pairedFastqToUnmappedBam (NA12878)
[7c/ef0baf] Submitted process > formatConversion:pairedFastqToUnmappedBam (NA12878)
[a1/181e8c] Submitted process > formatConversion:pairedFastqToUnmappedBam (NA12878)
[30/29316d] Submitted process > formatConversion:pairedFastqToUnmappedBam (NA12878)
[54/ad1a01] Submitted process > formatConversion:pairedFastqToUnmappedBam (NA12878)
[99/7fe1d9] Submitted process > formatConversion:pairedFastqToUnmappedBam (NA12878)
[90/093414] Submitted process > formatConversion:pairedFastqToUnmappedBam (NA12878)
[f7/0721b1] Submitted process > formatConversion:pairedFastqToUnmappedBam (NA12878)
[7d/7f856b] Submitted process > formatConversion:pairedFastqToUnmappedBam (NA12878)
[85/2ab7c4] Submitted process > formatConversion:pairedFastqToUnmappedBam (NA12878)
[23/eaeac1] Submitted process > formatConversion:pairedFastqToUnmappedBam (NA12878)
[14/00518f] Submitted process > formatConversion:pairedFastqToUnmappedBam (NA12878)
[7b/c9e663] Submitted process > formatConversion:pairedFastqToUnmappedBam (NA12878)
[60/0229a3] Submitted process > formatConversion:pairedFastqToUnmappedBam (NA12878)
[6f/c02055] Submitted process > formatConversion:pairedFastqToUnmappedBam (NA12878)
[13/86eb73] Submitted process > formatConversion:pairedFastqToUnmappedBam (NA12878)
[a6/d8df73] Submitted process > formatConversion:pairedFastqToUnmappedBam (NA12878)
[cf/bc7307] Submitted process > formatConversion:pairedFastqToUnmappedBam (NA12878)
[77/b54906] Submitted process > formatConversion:pairedFastqToUnmappedBam (NA12878)
[fb/fe8f00] Submitted process > formatConversion:pairedFastqToUnmappedBam (NA12878)
[42/4ac3c3] Submitted process > formatConversion:pairedFastqToUnmappedBam (NA12878)
[c9/7f8d73] Submitted process > formatConversion:pairedFastqToUnmappedBam (NA12878)
[4a/8699e1] Submitted process > formatConversion:pairedFastqToUnmappedBam (NA12878)
[30/b917dd] Submitted process > formatConversion:pairedFastqToUnmappedBam (NA12878)
[7f/2f38dd] Submitted process > formatConversion:pairedFastqToUnmappedBam (NA12878)
[90/80b123] Submitted process > formatConversion:pairedFastqToUnmappedBam (NA12878)
[b3/bdfced] Submitted process > formatConversion:pairedFastqToUnmappedBam (NA12878)
[cc/88baf7] Submitted process > formatConversion:pairedFastqToUnmappedBam (NA12878)
[ba/32663a] Submitted process > formatConversion:pairedFastqToUnmappedBam (NA12878)
[35/aa3950] Submitted process > formatConversion:pairedFastqToUnmappedBam (NA12878)
[cc/1936b4] Submitted process > formatConversion:pairedFastqToUnmappedBam (NA12878)
[1d/d428e0] Submitted process > formatConversion:pairedFastqToUnmappedBam (NA12878)
[eb/401e1d] Submitted process > formatConversion:pairedFastqToUnmappedBam (NA12878)
[6b/95e3d5] Submitted process > formatConversion:pairedFastqToUnmappedBam (NA12878)
[94/aa5708] Submitted process > formatConversion:pairedFastqToUnmappedBam (NA12878)
[f1/900c61] Submitted process > formatConversion:pairedFastqToUnmappedBam (NA12878)
[61/740a7b] Submitted process > formatConversion:pairedFastqToUnmappedBam (NA12878)
[3a/0489c3] Submitted process > formatConversion:pairedFastqToUnmappedBam (NA12878)
[89/f977b6] Submitted process > formatConversion:pairedFastqToUnmappedBam (NA12878)
[1b/94f85e] Submitted process > formatConversion:pairedFastqToUnmappedBam (NA12878)
[ac/55e5ce] Submitted process > formatConversion:pairedFastqToUnmappedBam (NA12878)
[2d/34f239] Submitted process > formatConversion:pairedFastqToUnmappedBam (NA12878)
[0e/1db0dc] Submitted process > formatConversion:pairedFastqToUnmappedBam (NA12878)
[ba/383899] Submitted process > formatConversion:pairedFastqToUnmappedBam (NA12878)
[56/9dedd2] Submitted process > formatConversion:pairedFastqToUnmappedBam (NA12878)
[ac/bea011] Submitted process > formatConversion:pairedFastqToUnmappedBam (NA12878)
[f3/beea82] Submitted process > formatConversion:pairedFastqToUnmappedBam (NA12878)
[7d/51c1c0] Submitted process > formatConversion:pairedFastqToUnmappedBam (NA12878)
[f9/4571e7] Submitted process > formatConversion:pairedFastqToUnmappedBam (NA12878)
[16/4e4de4] Submitted process > formatConversion:pairedFastqToUnmappedBam (NA12878)
[c3/3e8d33] Submitted process > formatConversion:pairedFastqToUnmappedBam (NA12878)
[a3/96c27f] Submitted process > formatConversion:pairedFastqToUnmappedBam (NA12878)
[67/ecfc24] Submitted process > formatConversion:pairedFastqToUnmappedBam (NA12878)
[56/3c6493] Submitted process > formatConversion:pairedFastqToUnmappedBam (NA12878)
[7f/651449] Submitted process > formatConversion:pairedFastqToUnmappedBam (NA12878)
[7c/051196] Submitted process > formatConversion:pairedFastqToUnmappedBam (NA12878)
[f7/eeec89] Submitted process > formatConversion:pairedFastqToUnmappedBam (NA12878)
[ae/4ea310] Submitted process > formatConversion:pairedFastqToUnmappedBam (NA12878)
[5f/b7f9b9] Submitted process > formatConversion:pairedFastqToUnmappedBam (NA12878)
[2c/9157a3] Submitted process > formatConversion:pairedFastqToUnmappedBam (NA12878)
[99/4641a1] Submitted process > formatConversion:pairedFastqToUnmappedBam (NA12878)
[6c/63dc6b] Submitted process > formatConversion:pairedFastqToUnmappedBam (NA12878)
[2c/e2935a] Submitted process > formatConversion:pairedFastqToUnmappedBam (NA12878)
[56/db8996] Submitted process > formatConversion:pairedFastqToUnmappedBam (NA12878)
[d4/ba0928] Submitted process > formatConversion:pairedFastqToUnmappedBam (NA12878)
[60/a203d1] Submitted process > formatConversion:pairedFastqToUnmappedBam (NA12878)
[3b/4d98f6] Submitted process > formatConversion:pairedFastqToUnmappedBam (NA12878)
[a2/fb3b19] Submitted process > formatConversion:pairedFastqToUnmappedBam (NA12878)
[eb/53ef03] Submitted process > formatConversion:pairedFastqToUnmappedBam (NA12878)
[3d/dace06] Submitted process > formatConversion:pairedFastqToUnmappedBam (NA12878)
[42/7244eb] Submitted process > formatConversion:pairedFastqToUnmappedBam (NA12878)
[fa/ee83de] Submitted process > formatConversion:pairedFastqToUnmappedBam (NA12878)
[20/39be02] Submitted process > formatConversion:pairedFastqToUnmappedBam (NA12878)
[b6/049b0f] Submitted process > formatConversion:pairedFastqToUnmappedBam (NA12878)
[40/15a5d9] Submitted process > formatConversion:pairedFastqToUnmappedBam (NA12878)
[08/15c3c0] Submitted process > formatConversion:pairedFastqToUnmappedBam (NA12878)
[36/67a2d0] Submitted process > formatConversion:pairedFastqToUnmappedBam (NA12878)
[1d/2d09d2] Submitted process > formatConversion:pairedFastqToUnmappedBam (NA12878)
[3a/5aec4c] Submitted process > formatConversion:pairedFastqToUnmappedBam (NA12878)
[01/afd178] Submitted process > formatConversion:pairedFastqToUnmappedBam (NA12878)
[8d/e2c03e] Submitted process > formatConversion:pairedFastqToUnmappedBam (NA12878)
[e3/525f11] Submitted process > formatConversion:pairedFastqToUnmappedBam (NA12878)
[36/6ac4bc] Submitted process > formatConversion:pairedFastqToUnmappedBam (NA12878)
[75/ae8db8] Submitted process > formatConversion:pairedFastqToUnmappedBam (NA12878)
[6a/783d52] Submitted process > formatConversion:pairedFastqToUnmappedBam (NA12878)
[2d/ac1b0c] Submitted process > formatConversion:pairedFastqToUnmappedBam (NA12878)
[c9/7c154f] Submitted process > formatConversion:pairedFastqToUnmappedBam (NA12878)
[e5/eef1c5] Submitted process > formatConversion:pairedFastqToUnmappedBam (NA12878)
[eb/e757df] Submitted process > formatConversion:pairedFastqToUnmappedBam (NA12878)
[19/f05faf] Submitted process > formatConversion:pairedFastqToUnmappedBam (NA12878)
[d8/128b5e] Submitted process > formatConversion:pairedFastqToUnmappedBam (NA12878)
[71/423051] Submitted process > formatConversion:pairedFastqToUnmappedBam (NA12878)
[7d/375ade] Submitted process > formatConversion:pairedFastqToUnmappedBam (NA12878)
[50/d99f12] Submitted process > formatConversion:pairedFastqToUnmappedBam (NA12878)
[0a/5ff9a8] Submitted process > formatConversion:pairedFastqToUnmappedBam (NA12878)
[25/8a65e5] Submitted process > formatConversion:pairedFastqToUnmappedBam (NA12878)
[e6/0e0c8f] Submitted process > formatConversion:pairedFastqToUnmappedBam (NA12878)
[e6/dbb896] Submitted process > formatConversion:pairedFastqToUnmappedBam (NA12878)
[42/15abed] Submitted process > formatConversion:pairedFastqToUnmappedBam (NA12878)
[88/91804a] Submitted process > formatConversion:pairedFastqToUnmappedBam (NA12878)
[bf/66fb1c] Submitted process > formatConversion:pairedFastqToUnmappedBam (NA12878)
[2c/b07b93] Submitted process > formatConversion:pairedFastqToUnmappedBam (NA12878)
[08/477752] Submitted process > formatConversion:pairedFastqToUnmappedBam (NA12878)
[48/54d772] Submitted process > formatConversion:pairedFastqToUnmappedBam (NA12878)
[71/77f56d] Submitted process > formatConversion:pairedFastqToUnmappedBam (NA12878)
[ca/7c876b] Submitted process > formatConversion:pairedFastqToUnmappedBam (NA12878)
[e0/11eae0] Submitted process > formatConversion:pairedFastqToUnmappedBam (NA12878)
[cf/7ac7d7] Submitted process > formatConversion:pairedFastqToUnmappedBam (NA12878)
[36/2e411e] Submitted process > formatConversion:pairedFastqToUnmappedBam (NA12878)
[08/69b410] Submitted process > formatConversion:pairedFastqToUnmappedBam (NA12878)
[b6/b5c876] Submitted process > formatConversion:pairedFastqToUnmappedBam (NA12878)
[99/7a2a25] Submitted process > formatConversion:pairedFastqToUnmappedBam (NA12878)
[cb/95879c] Submitted process > formatConversion:pairedFastqToUnmappedBam (NA12878)
[14/fc0b14] Submitted process > formatConversion:pairedFastqToUnmappedBam (NA12878)
[00/47eb22] Submitted process > formatConversion:pairedFastqToUnmappedBam (NA12878)
[3c/a627c3] Submitted process > formatConversion:pairedFastqToUnmappedBam (NA12878)
[a2/d08bd6] Submitted process > formatConversion:pairedFastqToUnmappedBam (NA12878)
[21/0faf07] Submitted process > formatConversion:pairedFastqToUnmappedBam (NA12878)
[c4/2d68a4] Submitted process > formatConversion:pairedFastqToUnmappedBam (NA12878)
[3b/21ea76] Submitted process > formatConversion:pairedFastqToUnmappedBam (NA12878)
[3a/d45b67] Submitted process > formatConversion:pairedFastqToUnmappedBam (NA12878)
[ae/cad705] Submitted process > formatConversion:pairedFastqToUnmappedBam (NA12878)
[82/17b927] Submitted process > formatConversion:pairedFastqToUnmappedBam (NA12878)
[c0/7d2d0b] Submitted process > formatConversion:pairedFastqToUnmappedBam (NA12878)
[66/9d48f9] Submitted process > formatConversion:pairedFastqToUnmappedBam (NA12878)
[59/91f79e] Submitted process > formatConversion:pairedFastqToUnmappedBam (NA12878)
[94/817b1e] Submitted process > formatConversion:pairedFastqToUnmappedBam (NA12878)
[a3/2e94ea] Submitted process > formatConversion:pairedFastqToUnmappedBam (NA12878)
[71/d34f25] Submitted process > formatConversion:pairedFastqToUnmappedBam (NA12878)
[c8/07562f] Submitted process > formatConversion:pairedFastqToUnmappedBam (NA12878)
[2c/07e10a] Submitted process > formatConversion:pairedFastqToUnmappedBam (NA12878)
[ac/9dcce4] Submitted process > formatConversion:pairedFastqToUnmappedBam (NA12878)
[3c/f00ebd] Submitted process > formatConversion:pairedFastqToUnmappedBam (NA12878)
[df/82a0cc] Submitted process > formatConversion:pairedFastqToUnmappedBam (NA12878)
[13/da7e5f] Submitted process > formatConversion:pairedFastqToUnmappedBam (NA12878)
[f9/aa044a] Submitted process > formatConversion:pairedFastqToUnmappedBam (NA12878)
[16/cea2f1] Submitted process > formatConversion:pairedFastqToUnmappedBam (NA12878)
[56/91bdee] Submitted process > formatConversion:pairedFastqToUnmappedBam (NA12878)
[e7/5e8c04] Submitted process > formatConversion:pairedFastqToUnmappedBam (NA12878)
[28/c5d548] Submitted process > formatConversion:pairedFastqToUnmappedBam (NA12878)
[69/783aad] Submitted process > formatConversion:pairedFastqToUnmappedBam (NA12878)
[10/29dc3f] Submitted process > formatConversion:pairedFastqToUnmappedBam (NA12878)
[90/0e1e87] Submitted process > formatConversion:pairedFastqToUnmappedBam (NA12878)
[40/60f117] Submitted process > formatConversion:pairedFastqToUnmappedBam (NA12878)
[c6/ccaa2e] Submitted process > formatConversion:pairedFastqToUnmappedBam (NA12878)
[15/8e3372] Submitted process > formatConversion:pairedFastqToUnmappedBam (NA12878)
[33/6c574e] Submitted process > formatConversion:pairedFastqToUnmappedBam (NA12878)
[ba/f2878c] Submitted process > formatConversion:pairedFastqToUnmappedBam (NA12878)
[ac/0ea082] Submitted process > formatConversion:pairedFastqToUnmappedBam (NA12878)
[4b/251a21] Submitted process > formatConversion:pairedFastqToUnmappedBam (NA12878)
[13/f7be38] Submitted process > formatConversion:pairedFastqToUnmappedBam (NA12878)
[7a/4cfbef] Submitted process > formatConversion:pairedFastqToUnmappedBam (NA12878)
[86/251ca5] Submitted process > formatConversion:pairedFastqToUnmappedBam (NA12878)
[3c/d8a518] Submitted process > formatConversion:pairedFastqToUnmappedBam (NA12878)
[46/e3ceef] Submitted process > formatConversion:pairedFastqToUnmappedBam (NA12878)
[21/813bce] Submitted process > formatConversion:pairedFastqToUnmappedBam (NA12878)
[73/321617] Submitted process > formatConversion:pairedFastqToUnmappedBam (NA12878)
[15/b1f6ec] Submitted process > formatConversion:pairedFastqToUnmappedBam (NA12878)
[e4/7b63a7] Submitted process > formatConversion:pairedFastqToUnmappedBam (NA12878)
[f2/114ec9] Submitted process > formatConversion:pairedFastqToUnmappedBam (NA12878)
[38/8c74f4] Submitted process > formatConversion:pairedFastqToUnmappedBam (NA12878)
[c2/063f08] Submitted process > formatConversion:pairedFastqToUnmappedBam (NA12878)
[aa/2c10cb] Submitted process > formatConversion:pairedFastqToUnmappedBam (NA12878)
[be/a6f401] Submitted process > formatConversion:pairedFastqToUnmappedBam (NA12878)
[de/6c5256] Submitted process > formatConversion:pairedFastqToUnmappedBam (NA12878)
[f9/eefaa0] Submitted process > formatConversion:pairedFastqToUnmappedBam (NA12878)
[38/72f3cf] Submitted process > formatConversion:pairedFastqToUnmappedBam (NA12878)
[4c/c29cd9] Submitted process > formatConversion:pairedFastqToUnmappedBam (NA12878)
[ef/32c06b] Submitted process > formatConversion:pairedFastqToUnmappedBam (NA12878)
[f3/a74eaa] Submitted process > formatConversion:pairedFastqToUnmappedBam (NA12878)
[70/dc6e3b] Submitted process > formatConversion:pairedFastqToUnmappedBam (NA12878)
[be/bb4357] Submitted process > formatConversion:pairedFastqToUnmappedBam (NA12878)
[60/4a0a22] Submitted process > formatConversion:pairedFastqToUnmappedBam (NA12878)
[6c/1e8df1] Submitted process > formatConversion:pairedFastqToUnmappedBam (NA12878)
[59/55975a] Submitted process > formatConversion:pairedFastqToUnmappedBam (NA12878)
[66/308edc] Submitted process > formatConversion:pairedFastqToUnmappedBam (NA12878)
[6e/ff3733] Submitted process > formatConversion:pairedFastqToUnmappedBam (NA12878)
[a0/e59f42] Submitted process > formatConversion:pairedFastqToUnmappedBam (NA12878)
[3f/b2ace2] Submitted process > formatConversion:pairedFastqToUnmappedBam (NA12878)
[d0/c7cd5e] Submitted process > formatConversion:pairedFastqToUnmappedBam (NA12878)
[33/060b11] Submitted process > formatConversion:pairedFastqToUnmappedBam (NA12878)
[e5/d383bb] Submitted process > formatConversion:pairedFastqToUnmappedBam (NA12878)
[0a/a2fbb7] Submitted process > formatConversion:pairedFastqToUnmappedBam (NA12878)
[be/ed5919] Submitted process > formatConversion:pairedFastqToUnmappedBam (NA12878)
[21/c77bd4] Submitted process > formatConversion:pairedFastqToUnmappedBam (NA12878)
[04/2a598d] Submitted process > formatConversion:pairedFastqToUnmappedBam (NA12878)
[c4/847816] Submitted process > formatConversion:pairedFastqToUnmappedBam (NA12878)
[14/f1f76c] Submitted process > formatConversion:pairedFastqToUnmappedBam (NA12878)
[73/fe4de9] Submitted process > formatConversion:pairedFastqToUnmappedBam (NA12878)
[f0/6ee075] Submitted process > formatConversion:pairedFastqToUnmappedBam (NA12878)
[00/645a58] Submitted process > formatConversion:pairedFastqToUnmappedBam (NA12878)
[26/b96f79] Submitted process > formatConversion:pairedFastqToUnmappedBam (NA12878)
[be/70b63f] Submitted process > formatConversion:pairedFastqToUnmappedBam (NA12878)
[fd/0fe2bc] Submitted process > formatConversion:pairedFastqToUnmappedBam (NA12878)
[33/c22264] Submitted process > formatConversion:pairedFastqToUnmappedBam (NA12878)
[ea/d3ac67] Submitted process > formatConversion:pairedFastqToUnmappedBam (NA12878)
[99/17037a] Submitted process > formatConversion:pairedFastqToUnmappedBam (NA12878)
[96/a6403e] Submitted process > formatConversion:pairedFastqToUnmappedBam (NA12878)
[f0/5d9b34] Submitted process > formatConversion:pairedFastqToUnmappedBam (NA12878)
[d0/54de5d] Submitted process > formatConversion:pairedFastqToUnmappedBam (NA12878)
[af/088760] Submitted process > formatConversion:pairedFastqToUnmappedBam (NA12878)
[36/20af1c] Submitted process > formatConversion:pairedFastqToUnmappedBam (NA12878)
[e5/3c5544] Submitted process > formatConversion:pairedFastqToUnmappedBam (NA12878)
[9a/8ba32d] Submitted process > formatConversion:pairedFastqToUnmappedBam (NA12878)
[58/f6393c] Submitted process > formatConversion:pairedFastqToUnmappedBam (NA12878)
[6d/12e1d6] Submitted process > formatConversion:pairedFastqToUnmappedBam (NA12878)
[78/19df2e] Submitted process > formatConversion:pairedFastqToUnmappedBam (NA12878)
[30/1af927] Submitted process > formatConversion:pairedFastqToUnmappedBam (NA12878)
[6e/afea02] Submitted process > formatConversion:pairedFastqToUnmappedBam (NA12878)
[2e/b9f4e1] Submitted process > formatConversion:pairedFastqToUnmappedBam (NA12878)
[f1/aac410] Submitted process > formatConversion:pairedFastqToUnmappedBam (NA12878)
[c7/037a74] Submitted process > formatConversion:pairedFastqToUnmappedBam (NA12878)
[52/119903] Submitted process > formatConversion:pairedFastqToUnmappedBam (NA12878)
[6c/9da768] Submitted process > formatConversion:pairedFastqToUnmappedBam (NA12878)
[38/dc91b3] Submitted process > formatConversion:pairedFastqToUnmappedBam (NA12878)
[67/0d6a86] Submitted process > formatConversion:pairedFastqToUnmappedBam (NA12878)
[ab/dd320d] Submitted process > formatConversion:pairedFastqToUnmappedBam (NA12878)
[fe/162791] Submitted process > formatConversion:pairedFastqToUnmappedBam (NA12878)
[12/29de3d] Submitted process > formatConversion:pairedFastqToUnmappedBam (NA12878)
[16/327dec] Submitted process > formatConversion:pairedFastqToUnmappedBam (NA12878)
[0c/ab2620] Submitted process > formatConversion:pairedFastqToUnmappedBam (NA12878)
[48/0dd3dc] Submitted process > formatConversion:pairedFastqToUnmappedBam (NA12878)
[12/8bac31] Submitted process > formatConversion:pairedFastqToUnmappedBam (NA12878)
[2e/c95b7c] Submitted process > formatConversion:pairedFastqToUnmappedBam (NA12878)
[f4/274e49] Submitted process > formatConversion:pairedFastqToUnmappedBam (NA12878)
[d7/40a045] Submitted process > formatConversion:pairedFastqToUnmappedBam (NA12878)
[4e/f60519] Submitted process > formatConversion:pairedFastqToUnmappedBam (NA12878)
[f9/d0cc6c] Submitted process > formatConversion:pairedFastqToUnmappedBam (NA12878)
[04/9684dc] Submitted process > formatConversion:pairedFastqToUnmappedBam (NA12878)
[6c/29f1cc] Submitted process > formatConversion:pairedFastqToUnmappedBam (NA12878)
[27/ef2d9c] Submitted process > formatConversion:pairedFastqToUnmappedBam (NA12878)
[b8/ebb9fb] Submitted process > formatConversion:pairedFastqToUnmappedBam (NA12878)
[c8/a1ed61] Submitted process > formatConversion:pairedFastqToUnmappedBam (NA12878)
[e9/8a9600] Submitted process > formatConversion:pairedFastqToUnmappedBam (NA12878)
[ff/14a3f5] Submitted process > formatConversion:pairedFastqToUnmappedBam (NA12878)
[e0/ff42c2] Submitted process > formatConversion:pairedFastqToUnmappedBam (NA12878)
[28/30ec52] Submitted process > formatConversion:pairedFastqToUnmappedBam (NA12878)
[6c/7a8853] Submitted process > formatConversion:pairedFastqToUnmappedBam (NA12878)
[00/232ed9] Submitted process > formatConversion:pairedFastqToUnmappedBam (NA12878)
[e3/93bd54] Submitted process > formatConversion:pairedFastqToUnmappedBam (NA12878)
[41/9b61db] Submitted process > formatConversion:pairedFastqToUnmappedBam (NA12878)
[e1/7c03ed] Submitted process > formatConversion:pairedFastqToUnmappedBam (NA12878)
[f1/0ae3f9] Submitted process > formatConversion:pairedFastqToUnmappedBam (NA12878)
[4c/902b22] Submitted process > formatConversion:pairedFastqToUnmappedBam (NA12878)
[2e/3a4d3d] Submitted process > formatConversion:pairedFastqToUnmappedBam (NA12878)
[f4/e6ae16] Submitted process > formatConversion:pairedFastqToUnmappedBam (NA12878)
[5b/5d5ef8] Submitted process > formatConversion:pairedFastqToUnmappedBam (NA12878)
[c9/871b15] Submitted process > formatConversion:pairedFastqToUnmappedBam (NA12878)
[fe/048ead] Submitted process > formatConversion:pairedFastqToUnmappedBam (NA12878)
[53/f1fc29] Submitted process > formatConversion:pairedFastqToUnmappedBam (NA12878)
[70/2c2585] Submitted process > formatConversion:pairedFastqToUnmappedBam (NA12878)
[53/369d70] Submitted process > formatConversion:pairedFastqToUnmappedBam (NA12878)
[05/06dce4] Submitted process > formatConversion:pairedFastqToUnmappedBam (NA12878)
[1f/839b7b] Submitted process > formatConversion:pairedFastqToUnmappedBam (NA12878)
[9d/81ab45] Submitted process > formatConversion:pairedFastqToUnmappedBam (NA12878)
[94/7f0883] Submitted process > formatConversion:pairedFastqToUnmappedBam (NA12878)
[7c/f418b8] Submitted process > formatConversion:pairedFastqToUnmappedBam (NA12878)
[59/de1261] Submitted process > formatConversion:pairedFastqToUnmappedBam (NA12878)
[c5/a4c8b8] Submitted process > formatConversion:pairedFastqToUnmappedBam (NA12878)
[00/16eec1] Submitted process > formatConversion:pairedFastqToUnmappedBam (NA12878)
[13/f36fbd] Submitted process > formatConversion:pairedFastqToUnmappedBam (NA12878)
[23/973fa5] Submitted process > formatConversion:pairedFastqToUnmappedBam (NA12878)
[aa/29b298] Submitted process > formatConversion:pairedFastqToUnmappedBam (NA12878)
[a4/253302] Submitted process > formatConversion:pairedFastqToUnmappedBam (NA12878)
[e3/914cfc] Submitted process > formatConversion:pairedFastqToUnmappedBam (NA12878)
[60/635cf6] Submitted process > formatConversion:pairedFastqToUnmappedBam (NA12878)
[84/12d577] Submitted process > formatConversion:pairedFastqToUnmappedBam (NA12878)
[a8/e99a2d] Submitted process > formatConversion:pairedFastqToUnmappedBam (NA12878)
[c6/cc5708] Submitted process > formatConversion:pairedFastqToUnmappedBam (NA12878)
[83/7885ac] Submitted process > formatConversion:pairedFastqToUnmappedBam (NA12878)
[c3/1377ee] Submitted process > formatConversion:pairedFastqToUnmappedBam (NA12878)
[41/d8d484] Submitted process > formatConversion:pairedFastqToUnmappedBam (NA12878)
[0e/26b147] Submitted process > formatConversion:pairedFastqToUnmappedBam (NA12878)
[29/d82096] Submitted process > formatConversion:pairedFastqToUnmappedBam (NA12878)
[0b/9eb15f] Submitted process > formatConversion:pairedFastqToUnmappedBam (NA12878)
[ec/4440b2] Submitted process > formatConversion:pairedFastqToUnmappedBam (NA12878)
[d6/9af0dd] Submitted process > formatConversion:pairedFastqToUnmappedBam (NA12878)
[28/3e975f] Submitted process > formatConversion:pairedFastqToUnmappedBam (NA12878)
[b7/0c2937] Submitted process > formatConversion:pairedFastqToUnmappedBam (NA12878)
[82/97b824] Submitted process > formatConversion:pairedFastqToUnmappedBam (NA12878)
[e2/8686a8] Submitted process > formatConversion:pairedFastqToUnmappedBam (NA12878)
[53/d20454] Submitted process > formatConversion:pairedFastqToUnmappedBam (NA12878)
[96/8af0aa] Submitted process > formatConversion:pairedFastqToUnmappedBam (NA12878)
[b7/49cce1] Submitted process > formatConversion:pairedFastqToUnmappedBam (NA12878)
[b1/777124] Submitted process > formatConversion:pairedFastqToUnmappedBam (NA12878)
[d3/733e23] Submitted process > formatConversion:pairedFastqToUnmappedBam (NA12878)
[8f/01f206] Submitted process > formatConversion:pairedFastqToUnmappedBam (NA12878)
[06/22d684] Submitted process > formatConversion:pairedFastqToUnmappedBam (NA12878)
[cd/291752] Submitted process > formatConversion:pairedFastqToUnmappedBam (NA12878)
[41/025426] Submitted process > formatConversion:pairedFastqToUnmappedBam (NA12878)
[7a/0585b7] Submitted process > formatConversion:pairedFastqToUnmappedBam (NA12878)
[83/cda221] Submitted process > formatConversion:pairedFastqToUnmappedBam (NA12878)
[c3/11a5ea] Submitted process > formatConversion:pairedFastqToUnmappedBam (NA12878)
[e2/e0b854] Submitted process > formatConversion:pairedFastqToUnmappedBam (NA12878)
[b8/6f2c5f] Submitted process > formatConversion:pairedFastqToUnmappedBam (NA12878)
[c4/c604ec] Submitted process > formatConversion:pairedFastqToUnmappedBam (NA12878)
[86/bd6bfd] Submitted process > formatConversion:pairedFastqToUnmappedBam (NA12878)
[03/402548] Submitted process > formatConversion:pairedFastqToUnmappedBam (NA12878)
[53/dec10b] Submitted process > formatConversion:pairedFastqToUnmappedBam (NA12878)
[55/3eb905] Submitted process > formatConversion:pairedFastqToUnmappedBam (NA12878)
[c0/d91617] Submitted process > formatConversion:pairedFastqToUnmappedBam (NA12878)
[e9/80db76] Submitted process > formatConversion:pairedFastqToUnmappedBam (NA12878)
[7a/948aa4] Submitted process > formatConversion:pairedFastqToUnmappedBam (NA12878)
[a5/0be81b] Submitted process > formatConversion:pairedFastqToUnmappedBam (NA12878)
[0b/e58f84] Submitted process > formatConversion:pairedFastqToUnmappedBam (NA12878)
[bb/ff10ea] Submitted process > formatConversion:pairedFastqToUnmappedBam (NA12878)
[3d/f54276] Submitted process > formatConversion:pairedFastqToUnmappedBam (NA12878)
[42/ec1481] Submitted process > formatConversion:pairedFastqToUnmappedBam (NA12878)
[d0/d337b8] Submitted process > formatConversion:pairedFastqToUnmappedBam (NA12878)
[73/db0522] Submitted process > formatConversion:pairedFastqToUnmappedBam (NA12878)
[02/0d793e] Submitted process > formatConversion:pairedFastqToUnmappedBam (NA12878)
[65/2822d5] Submitted process > formatConversion:pairedFastqToUnmappedBam (NA12878)
[43/90cc2b] Submitted process > formatConversion:pairedFastqToUnmappedBam (NA12878)
[53/505f2e] Submitted process > formatConversion:pairedFastqToUnmappedBam (NA12878)
[c4/c64d1d] Submitted process > formatConversion:pairedFastqToUnmappedBam (NA12878)
[73/3f688f] Submitted process > formatConversion:pairedFastqToUnmappedBam (NA12878)
[ca/686292] Submitted process > formatConversion:pairedFastqToUnmappedBam (NA12878)
[56/dd62ac] Submitted process > formatConversion:pairedFastqToUnmappedBam (NA12878)
[6f/aaab53] Submitted process > formatConversion:pairedFastqToUnmappedBam (NA12878)
[a3/71824e] Submitted process > formatConversion:pairedFastqToUnmappedBam (NA12878)
[04/0ae242] Submitted process > formatConversion:pairedFastqToUnmappedBam (NA12878)
[e9/00fe6f] Submitted process > formatConversion:pairedFastqToUnmappedBam (NA12878)
[9b/cd3bf9] Submitted process > formatConversion:pairedFastqToUnmappedBam (NA12878)
[51/2238b3] Submitted process > formatConversion:pairedFastqToUnmappedBam (NA12878)
[38/6a2522] Submitted process > formatConversion:pairedFastqToUnmappedBam (NA12878)
[ac/f4d1cb] Submitted process > formatConversion:pairedFastqToUnmappedBam (NA12878)
[d3/3d57c7] Submitted process > formatConversion:pairedFastqToUnmappedBam (NA12878)
[21/f8277d] Submitted process > formatConversion:pairedFastqToUnmappedBam (NA12878)
[a7/0ae970] Submitted process > formatConversion:pairedFastqToUnmappedBam (NA12878)
[45/b1b819] Submitted process > formatConversion:pairedFastqToUnmappedBam (NA12878)
[22/3a9dc4] Submitted process > formatConversion:pairedFastqToUnmappedBam (NA12878)
[69/89e82b] Submitted process > formatConversion:pairedFastqToUnmappedBam (NA12878)
[23/13b2b6] Submitted process > formatConversion:pairedFastqToUnmappedBam (NA12878)
[ee/c845fa] Submitted process > formatConversion:pairedFastqToUnmappedBam (NA12878)
[ff/fa37df] Submitted process > formatConversion:pairedFastqToUnmappedBam (NA12878)
[59/4993d0] Submitted process > formatConversion:pairedFastqToUnmappedBam (NA12878)
[03/dd3f36] Submitted process > formatConversion:pairedFastqToUnmappedBam (NA12878)
[9e/f54be4] Submitted process > formatConversion:pairedFastqToUnmappedBam (NA12878)
[04/5cb5ae] Submitted process > formatConversion:pairedFastqToUnmappedBam (NA12878)
[c4/d873e2] Submitted process > formatConversion:pairedFastqToUnmappedBam (NA12878)
[0e/35a052] Submitted process > formatConversion:pairedFastqToUnmappedBam (NA12878)
[a9/9e6c89] Submitted process > formatConversion:pairedFastqToUnmappedBam (NA12878)
[e5/c40869] Submitted process > formatConversion:pairedFastqToUnmappedBam (NA12878)
[9a/482166] Submitted process > formatConversion:pairedFastqToUnmappedBam (NA12878)
[f9/a253d3] Submitted process > formatConversion:pairedFastqToUnmappedBam (NA12878)
[50/b97947] Submitted process > formatConversion:pairedFastqToUnmappedBam (NA12878)
[71/adaab2] Submitted process > formatConversion:pairedFastqToUnmappedBam (NA12878)
[3f/80de66] Submitted process > formatConversion:pairedFastqToUnmappedBam (NA12878)
[a1/6d0f84] Submitted process > formatConversion:pairedFastqToUnmappedBam (NA12878)
[42/8b869b] Submitted process > formatConversion:pairedFastqToUnmappedBam (NA12878)
[ad/0c13ed] Submitted process > formatConversion:pairedFastqToUnmappedBam (NA12878)
[5d/bfec54] Submitted process > formatConversion:pairedFastqToUnmappedBam (NA12878)
[f5/f804dd] Submitted process > formatConversion:pairedFastqToUnmappedBam (NA12878)
[48/857cf6] Submitted process > formatConversion:pairedFastqToUnmappedBam (NA12878)
[49/650c16] Submitted process > formatConversion:pairedFastqToUnmappedBam (NA12878)
[60/eb73f9] Submitted process > formatConversion:pairedFastqToUnmappedBam (NA12878)
[45/57737b] Submitted process > formatConversion:pairedFastqToUnmappedBam (NA12878)
[ff/00e982] Submitted process > formatConversion:pairedFastqToUnmappedBam (NA12878)
[03/28c9ca] Submitted process > formatConversion:pairedFastqToUnmappedBam (NA12878)
[6e/11695f] Submitted process > formatConversion:pairedFastqToUnmappedBam (NA12878)
[5c/d6a487] Submitted process > formatConversion:pairedFastqToUnmappedBam (NA12878)
[b6/091218] Submitted process > formatConversion:pairedFastqToUnmappedBam (NA12878)
[07/e73464] Submitted process > formatConversion:pairedFastqToUnmappedBam (NA12878)
[b6/80f1ad] Submitted process > formatConversion:pairedFastqToUnmappedBam (NA12878)
[03/8c137b] Submitted process > formatConversion:pairedFastqToUnmappedBam (NA12878)
[e2/d507ae] Submitted process > formatConversion:pairedFastqToUnmappedBam (NA12878)
[63/4d036f] Submitted process > formatConversion:pairedFastqToUnmappedBam (NA12878)
[e2/f0935e] Submitted process > formatConversion:pairedFastqToUnmappedBam (NA12878)
[b5/1ec4b3] Submitted process > formatConversion:pairedFastqToUnmappedBam (NA12878)
[63/089cfc] Submitted process > formatConversion:pairedFastqToUnmappedBam (NA12878)
[43/85401e] Submitted process > formatConversion:pairedFastqToUnmappedBam (NA12878)
[e8/a25000] Submitted process > formatConversion:pairedFastqToUnmappedBam (NA12878)
[34/83cccf] Submitted process > formatConversion:pairedFastqToUnmappedBam (NA12878)
[b9/0f3f28] Submitted process > formatConversion:pairedFastqToUnmappedBam (NA12878)
[97/2f2318] Submitted process > formatConversion:pairedFastqToUnmappedBam (NA12878)
[b9/8d33cf] Submitted process > formatConversion:pairedFastqToUnmappedBam (NA12878)
[09/4f16ba] Submitted process > formatConversion:pairedFastqToUnmappedBam (NA12878)
[b5/9f8bd8] Submitted process > formatConversion:pairedFastqToUnmappedBam (NA12878)
[74/845c67] Submitted process > formatConversion:pairedFastqToUnmappedBam (NA12878)
[1c/c523aa] Submitted process > formatConversion:pairedFastqToUnmappedBam (NA12878)
[0d/b55f47] Submitted process > formatConversion:pairedFastqToUnmappedBam (NA12878)
[1e/ac7af5] Submitted process > formatConversion:pairedFastqToUnmappedBam (NA12878)
[8e/9f8a88] Submitted process > formatConversion:pairedFastqToUnmappedBam (NA12878)
[bd/3e2dcc] Submitted process > formatConversion:pairedFastqToUnmappedBam (NA12878)
[7e/5d8248] Submitted process > formatConversion:pairedFastqToUnmappedBam (NA12878)
[9c/a49112] Submitted process > formatConversion:pairedFastqToUnmappedBam (NA12878)
[31/9e571d] Submitted process > formatConversion:pairedFastqToUnmappedBam (NA12878)
[c1/411f63] Submitted process > formatConversion:pairedFastqToUnmappedBam (NA12878)
[dc/812bef] Submitted process > formatConversion:pairedFastqToUnmappedBam (NA12878)
[3e/5fa976] Submitted process > formatConversion:pairedFastqToUnmappedBam (NA12878)
