srun: job 4713966 queued and waiting for resources
Using GATK jar /homes8/xuwen/software/gatk/build/libs/gatk-package-4.4.0.0-25-g4456792-SNAPSHOT-local.jar
Running:
    java -Dsamjdk.use_async_io_read_samtools=false -Dsamjdk.use_async_io_write_samtools=true -Dsamjdk.use_async_io_write_tribble=false -Dsamjdk.compression_level=2 -Dsamjdk.compression_level=5 -Xms60000m -Djava.io.tmpdir=/czlab/xuwen/tmp -jar /homes8/xuwen/software/gatk/build/libs/gatk-package-4.4.0.0-25-g4456792-SNAPSHOT-local.jar SetNmMdAndUqTags --INPUT /dev/stdin --OUTPUT NA12878.recal.merged.new.t2t.sorted.sorted.bam --CREATE_INDEX true --CREATE_MD5_FILE true --REFERENCE_SEQUENCE /czlab/xuwen/references/chm13/chm13v2.fa
srun: job 4713966 has been allocated resources
Using GATK jar /homes8/xuwen/software/gatk/build/libs/gatk-package-4.4.0.0-25-g4456792-SNAPSHOT-local.jar
Running:
    java -Dsamjdk.use_async_io_read_samtools=false -Dsamjdk.use_async_io_write_samtools=true -Dsamjdk.use_async_io_write_tribble=false -Dsamjdk.compression_level=2 -Dsamjdk.compression_level=5 -Xms60000m -Djava.io.tmpdir=/czlab/xuwen/tmp -jar /homes8/xuwen/software/gatk/build/libs/gatk-package-4.4.0.0-25-g4456792-SNAPSHOT-local.jar SortSam --INPUT /czlab/xuwen/results/NA12878/300X/outDir/NA12878/bams/NA12878.recal.merged.new.t2t.sorted.bam --OUTPUT /dev/stdout --SORT_ORDER coordinate --CREATE_INDEX false --CREATE_MD5_FILE false
15:07:50.394 INFO  NativeLibraryLoader - Loading libgkl_compression.so from jar:file:/homes8/xuwen/software/gatk/build/libs/gatk-package-4.4.0.0-25-g4456792-SNAPSHOT-local.jar!/com/intel/gkl/native/libgkl_compression.so
[Sun Jun 25 15:07:50 EDT 2023] SortSam --INPUT /czlab/xuwen/results/NA12878/300X/outDir/NA12878/bams/NA12878.recal.merged.new.t2t.sorted.bam --OUTPUT /dev/stdout --SORT_ORDER coordinate --CREATE_INDEX false --CREATE_MD5_FILE false --VERBOSITY INFO --QUIET false --VALIDATION_STRINGENCY STRICT --COMPRESSION_LEVEL 5 --MAX_RECORDS_IN_RAM 500000 --help false --version false --showHidden false --USE_JDK_DEFLATER false --USE_JDK_INFLATER false
[Sun Jun 25 15:07:50 EDT 2023] Executing as xuwen@node18 on Linux 3.10.0-693.2.2.el7.x86_64 amd64; Java HotSpot(TM) 64-Bit Server VM 17.0.7+8-LTS-224; Deflater: Intel; Inflater: Intel; Provider GCS is available; Picard version: Version:4.4.0.0-25-g4456792-SNAPSHOT
INFO	2023-06-25 15:07:50	SAMFileWriterFactory	Unknown file extension, assuming BAM format when writing file: file:///dev/stdout
15:07:50.973 INFO  NativeLibraryLoader - Loading libgkl_compression.so from jar:file:/homes8/xuwen/software/gatk/build/libs/gatk-package-4.4.0.0-25-g4456792-SNAPSHOT-local.jar!/com/intel/gkl/native/libgkl_compression.so
[Sun Jun 25 15:07:51 EDT 2023] SetNmMdAndUqTags --INPUT /dev/stdin --OUTPUT NA12878.recal.merged.new.t2t.sorted.sorted.bam --CREATE_INDEX true --CREATE_MD5_FILE true --REFERENCE_SEQUENCE /czlab/xuwen/references/chm13/chm13v2.fa --IS_BISULFITE_SEQUENCE false --SET_ONLY_UQ false --VERBOSITY INFO --QUIET false --VALIDATION_STRINGENCY STRICT --COMPRESSION_LEVEL 5 --MAX_RECORDS_IN_RAM 500000 --help false --version false --showHidden false --USE_JDK_DEFLATER false --USE_JDK_INFLATER false
[Sun Jun 25 15:07:51 EDT 2023] Executing as xuwen@kraken1 on Linux 3.10.0-1127.13.1.el7.x86_64 amd64; Java HotSpot(TM) 64-Bit Server VM 17.0.7+8-LTS-224; Deflater: Intel; Inflater: Intel; Provider GCS is available; Picard version: Version:4.4.0.0-25-g4456792-SNAPSHOT
INFO	2023-06-25 15:08:57	SortSam	Read    10,000,000 records.  Elapsed time: 00:01:06s.  Time for last 10,000,000:   66s.  Last read position: chr1:5,462,730
INFO	2023-06-25 15:10:02	SortSam	Read    20,000,000 records.  Elapsed time: 00:02:11s.  Time for last 10,000,000:   64s.  Last read position: chr1:10,778,848
INFO	2023-06-25 15:11:09	SortSam	Read    30,000,000 records.  Elapsed time: 00:03:19s.  Time for last 10,000,000:   67s.  Last read position: chr1:16,049,269
INFO	2023-06-25 15:12:15	SortSam	Read    40,000,000 records.  Elapsed time: 00:04:24s.  Time for last 10,000,000:   65s.  Last read position: chr1:21,222,729
INFO	2023-06-25 15:13:21	SortSam	Read    50,000,000 records.  Elapsed time: 00:05:30s.  Time for last 10,000,000:   65s.  Last read position: chr1:26,487,279
INFO	2023-06-25 15:14:26	SortSam	Read    60,000,000 records.  Elapsed time: 00:06:35s.  Time for last 10,000,000:   65s.  Last read position: chr1:31,760,425
INFO	2023-06-25 15:15:31	SortSam	Read    70,000,000 records.  Elapsed time: 00:07:41s.  Time for last 10,000,000:   65s.  Last read position: chr1:37,013,973
INFO	2023-06-25 15:16:38	SortSam	Read    80,000,000 records.  Elapsed time: 00:08:47s.  Time for last 10,000,000:   66s.  Last read position: chr1:42,164,579
INFO	2023-06-25 15:17:44	SortSam	Read    90,000,000 records.  Elapsed time: 00:09:53s.  Time for last 10,000,000:   65s.  Last read position: chr1:47,290,269
INFO	2023-06-25 15:18:49	SortSam	Read   100,000,000 records.  Elapsed time: 00:10:59s.  Time for last 10,000,000:   65s.  Last read position: chr1:52,283,229
INFO	2023-06-25 15:19:56	SortSam	Read   110,000,000 records.  Elapsed time: 00:12:05s.  Time for last 10,000,000:   66s.  Last read position: chr1:57,509,383
INFO	2023-06-25 15:21:02	SortSam	Read   120,000,000 records.  Elapsed time: 00:13:11s.  Time for last 10,000,000:   65s.  Last read position: chr1:62,545,742
INFO	2023-06-25 15:22:07	SortSam	Read   130,000,000 records.  Elapsed time: 00:14:16s.  Time for last 10,000,000:   65s.  Last read position: chr1:67,381,689
INFO	2023-06-25 15:23:11	SortSam	Read   140,000,000 records.  Elapsed time: 00:15:20s.  Time for last 10,000,000:   64s.  Last read position: chr1:72,204,334
INFO	2023-06-25 15:24:15	SortSam	Read   150,000,000 records.  Elapsed time: 00:16:24s.  Time for last 10,000,000:   63s.  Last read position: chr1:77,052,160
INFO	2023-06-25 15:25:19	SortSam	Read   160,000,000 records.  Elapsed time: 00:17:28s.  Time for last 10,000,000:   64s.  Last read position: chr1:81,798,976
INFO	2023-06-25 15:26:22	SortSam	Read   170,000,000 records.  Elapsed time: 00:18:32s.  Time for last 10,000,000:   63s.  Last read position: chr1:86,574,993
INFO	2023-06-25 15:27:28	SortSam	Read   180,000,000 records.  Elapsed time: 00:19:37s.  Time for last 10,000,000:   65s.  Last read position: chr1:91,365,836
INFO	2023-06-25 15:28:35	SortSam	Read   190,000,000 records.  Elapsed time: 00:20:44s.  Time for last 10,000,000:   67s.  Last read position: chr1:96,258,375
INFO	2023-06-25 15:29:40	SortSam	Read   200,000,000 records.  Elapsed time: 00:21:49s.  Time for last 10,000,000:   64s.  Last read position: chr1:100,951,860
INFO	2023-06-25 15:30:45	SortSam	Read   210,000,000 records.  Elapsed time: 00:22:54s.  Time for last 10,000,000:   65s.  Last read position: chr1:105,760,456
INFO	2023-06-25 15:31:50	SortSam	Read   220,000,000 records.  Elapsed time: 00:24:00s.  Time for last 10,000,000:   65s.  Last read position: chr1:110,691,881
INFO	2023-06-25 15:32:56	SortSam	Read   230,000,000 records.  Elapsed time: 00:25:05s.  Time for last 10,000,000:   65s.  Last read position: chr1:115,586,838
INFO	2023-06-25 15:34:02	SortSam	Read   240,000,000 records.  Elapsed time: 00:26:11s.  Time for last 10,000,000:   65s.  Last read position: chr1:120,617,846
INFO	2023-06-25 15:35:12	SortSam	Read   250,000,000 records.  Elapsed time: 00:27:21s.  Time for last 10,000,000:   70s.  Last read position: chr1:124,552,069
INFO	2023-06-25 15:36:18	SortSam	Read   260,000,000 records.  Elapsed time: 00:28:28s.  Time for last 10,000,000:   66s.  Last read position: chr1:128,560,716
INFO	2023-06-25 15:37:25	SortSam	Read   270,000,000 records.  Elapsed time: 00:29:35s.  Time for last 10,000,000:   67s.  Last read position: chr1:132,536,057
INFO	2023-06-25 15:38:33	SortSam	Read   280,000,000 records.  Elapsed time: 00:30:43s.  Time for last 10,000,000:   67s.  Last read position: chr1:138,603,063
INFO	2023-06-25 15:39:40	SortSam	Read   290,000,000 records.  Elapsed time: 00:31:50s.  Time for last 10,000,000:   67s.  Last read position: chr1:142,135,940
INFO	2023-06-25 15:40:49	SortSam	Read   300,000,000 records.  Elapsed time: 00:32:59s.  Time for last 10,000,000:   69s.  Last read position: chr1:147,006,367
INFO	2023-06-25 15:41:56	SortSam	Read   310,000,000 records.  Elapsed time: 00:34:06s.  Time for last 10,000,000:   66s.  Last read position: chr1:152,066,433
INFO	2023-06-25 15:43:03	SortSam	Read   320,000,000 records.  Elapsed time: 00:35:13s.  Time for last 10,000,000:   66s.  Last read position: chr1:157,279,564
INFO	2023-06-25 15:44:13	SortSam	Read   330,000,000 records.  Elapsed time: 00:36:22s.  Time for last 10,000,000:   69s.  Last read position: chr1:162,349,497
INFO	2023-06-25 15:45:17	SortSam	Read   340,000,000 records.  Elapsed time: 00:37:26s.  Time for last 10,000,000:   64s.  Last read position: chr1:167,330,127
INFO	2023-06-25 15:46:22	SortSam	Read   350,000,000 records.  Elapsed time: 00:38:31s.  Time for last 10,000,000:   65s.  Last read position: chr1:172,073,013
INFO	2023-06-25 15:47:29	SortSam	Read   360,000,000 records.  Elapsed time: 00:39:38s.  Time for last 10,000,000:   66s.  Last read position: chr1:176,966,134
INFO	2023-06-25 15:48:36	SortSam	Read   370,000,000 records.  Elapsed time: 00:40:45s.  Time for last 10,000,000:   67s.  Last read position: chr1:181,890,250
INFO	2023-06-25 15:49:42	SortSam	Read   380,000,000 records.  Elapsed time: 00:41:51s.  Time for last 10,000,000:   66s.  Last read position: chr1:186,683,411
INFO	2023-06-25 15:50:48	SortSam	Read   390,000,000 records.  Elapsed time: 00:42:57s.  Time for last 10,000,000:   65s.  Last read position: chr1:191,353,737
INFO	2023-06-25 15:51:53	SortSam	Read   400,000,000 records.  Elapsed time: 00:44:02s.  Time for last 10,000,000:   65s.  Last read position: chr1:195,952,214
INFO	2023-06-25 15:52:59	SortSam	Read   410,000,000 records.  Elapsed time: 00:45:08s.  Time for last 10,000,000:   66s.  Last read position: chr1:200,536,319
INFO	2023-06-25 15:54:07	SortSam	Read   420,000,000 records.  Elapsed time: 00:46:17s.  Time for last 10,000,000:   68s.  Last read position: chr1:205,839,656
INFO	2023-06-25 15:55:12	SortSam	Read   430,000,000 records.  Elapsed time: 00:47:22s.  Time for last 10,000,000:   65s.  Last read position: chr1:210,846,421
INFO	2023-06-25 15:56:18	SortSam	Read   440,000,000 records.  Elapsed time: 00:48:27s.  Time for last 10,000,000:   65s.  Last read position: chr1:215,744,184
INFO	2023-06-25 15:57:25	SortSam	Read   450,000,000 records.  Elapsed time: 00:49:34s.  Time for last 10,000,000:   67s.  Last read position: chr1:220,680,531
INFO	2023-06-25 15:58:32	SortSam	Read   460,000,000 records.  Elapsed time: 00:50:41s.  Time for last 10,000,000:   67s.  Last read position: chr1:225,618,046
INFO	2023-06-25 15:59:40	SortSam	Read   470,000,000 records.  Elapsed time: 00:51:50s.  Time for last 10,000,000:   68s.  Last read position: chr1:230,926,059
INFO	2023-06-25 16:00:48	SortSam	Read   480,000,000 records.  Elapsed time: 00:52:57s.  Time for last 10,000,000:   67s.  Last read position: chr1:235,936,478
INFO	2023-06-25 16:01:55	SortSam	Read   490,000,000 records.  Elapsed time: 00:54:04s.  Time for last 10,000,000:   67s.  Last read position: chr1:240,990,298
INFO	2023-06-25 16:03:02	SortSam	Read   500,000,000 records.  Elapsed time: 00:55:11s.  Time for last 10,000,000:   66s.  Last read position: chr1:246,002,364
INFO	2023-06-25 16:04:09	SortSam	Read   510,000,000 records.  Elapsed time: 00:56:18s.  Time for last 10,000,000:   66s.  Last read position: chr2:2,830,448
INFO	2023-06-25 16:05:15	SortSam	Read   520,000,000 records.  Elapsed time: 00:57:24s.  Time for last 10,000,000:   66s.  Last read position: chr2:7,960,158
INFO	2023-06-25 16:06:20	SortSam	Read   530,000,000 records.  Elapsed time: 00:58:29s.  Time for last 10,000,000:   65s.  Last read position: chr2:13,104,749
INFO	2023-06-25 16:07:25	SortSam	Read   540,000,000 records.  Elapsed time: 00:59:34s.  Time for last 10,000,000:   65s.  Last read position: chr2:18,066,236
INFO	2023-06-25 16:08:31	SortSam	Read   550,000,000 records.  Elapsed time: 01:00:40s.  Time for last 10,000,000:   65s.  Last read position: chr2:23,037,226
INFO	2023-06-25 16:09:38	SortSam	Read   560,000,000 records.  Elapsed time: 01:01:47s.  Time for last 10,000,000:   67s.  Last read position: chr2:28,095,087
INFO	2023-06-25 16:10:45	SortSam	Read   570,000,000 records.  Elapsed time: 01:02:54s.  Time for last 10,000,000:   66s.  Last read position: chr2:33,153,041
INFO	2023-06-25 16:11:52	SortSam	Read   580,000,000 records.  Elapsed time: 01:04:01s.  Time for last 10,000,000:   66s.  Last read position: chr2:37,982,949
INFO	2023-06-25 16:12:57	SortSam	Read   590,000,000 records.  Elapsed time: 01:05:06s.  Time for last 10,000,000:   65s.  Last read position: chr2:42,808,045
INFO	2023-06-25 16:14:04	SortSam	Read   600,000,000 records.  Elapsed time: 01:06:13s.  Time for last 10,000,000:   66s.  Last read position: chr2:47,827,642
INFO	2023-06-25 16:15:09	SortSam	Read   610,000,000 records.  Elapsed time: 01:07:18s.  Time for last 10,000,000:   65s.  Last read position: chr2:52,719,357
INFO	2023-06-25 16:16:15	SortSam	Read   620,000,000 records.  Elapsed time: 01:08:24s.  Time for last 10,000,000:   65s.  Last read position: chr2:57,495,806
INFO	2023-06-25 16:17:20	SortSam	Read   630,000,000 records.  Elapsed time: 01:09:30s.  Time for last 10,000,000:   65s.  Last read position: chr2:62,239,039
INFO	2023-06-25 16:18:27	SortSam	Read   640,000,000 records.  Elapsed time: 01:10:36s.  Time for last 10,000,000:   66s.  Last read position: chr2:67,029,157
INFO	2023-06-25 16:19:33	SortSam	Read   650,000,000 records.  Elapsed time: 01:11:42s.  Time for last 10,000,000:   65s.  Last read position: chr2:71,963,390
INFO	2023-06-25 16:20:39	SortSam	Read   660,000,000 records.  Elapsed time: 01:12:49s.  Time for last 10,000,000:   66s.  Last read position: chr2:76,897,186
INFO	2023-06-25 16:21:44	SortSam	Read   670,000,000 records.  Elapsed time: 01:13:53s.  Time for last 10,000,000:   64s.  Last read position: chr2:81,843,045
INFO	2023-06-25 16:22:49	SortSam	Read   680,000,000 records.  Elapsed time: 01:14:58s.  Time for last 10,000,000:   64s.  Last read position: chr2:86,776,563
INFO	2023-06-25 16:23:55	SortSam	Read   690,000,000 records.  Elapsed time: 01:16:05s.  Time for last 10,000,000:   66s.  Last read position: chr2:91,953,519
INFO	2023-06-25 16:25:02	SortSam	Read   700,000,000 records.  Elapsed time: 01:17:11s.  Time for last 10,000,000:   66s.  Last read position: chr2:96,293,737
INFO	2023-06-25 16:26:08	SortSam	Read   710,000,000 records.  Elapsed time: 01:18:17s.  Time for last 10,000,000:   66s.  Last read position: chr2:101,325,919
INFO	2023-06-25 16:27:14	SortSam	Read   720,000,000 records.  Elapsed time: 01:19:23s.  Time for last 10,000,000:   65s.  Last read position: chr2:106,413,352
INFO	2023-06-25 16:28:20	SortSam	Read   730,000,000 records.  Elapsed time: 01:20:30s.  Time for last 10,000,000:   66s.  Last read position: chr2:111,523,707
INFO	2023-06-25 16:29:27	SortSam	Read   740,000,000 records.  Elapsed time: 01:21:36s.  Time for last 10,000,000:   66s.  Last read position: chr2:116,460,717
INFO	2023-06-25 16:30:32	SortSam	Read   750,000,000 records.  Elapsed time: 01:22:41s.  Time for last 10,000,000:   65s.  Last read position: chr2:121,652,192
INFO	2023-06-25 16:31:37	SortSam	Read   760,000,000 records.  Elapsed time: 01:23:47s.  Time for last 10,000,000:   65s.  Last read position: chr2:126,631,077
INFO	2023-06-25 16:32:45	SortSam	Read   770,000,000 records.  Elapsed time: 01:24:55s.  Time for last 10,000,000:   67s.  Last read position: chr2:131,827,483
INFO	2023-06-25 16:33:51	SortSam	Read   780,000,000 records.  Elapsed time: 01:26:00s.  Time for last 10,000,000:   65s.  Last read position: chr2:136,785,571
INFO	2023-06-25 16:34:56	SortSam	Read   790,000,000 records.  Elapsed time: 01:27:05s.  Time for last 10,000,000:   64s.  Last read position: chr2:141,637,954
INFO	2023-06-25 16:36:00	SortSam	Read   800,000,000 records.  Elapsed time: 01:28:09s.  Time for last 10,000,000:   64s.  Last read position: chr2:146,307,248
INFO	2023-06-25 16:37:07	SortSam	Read   810,000,000 records.  Elapsed time: 01:29:17s.  Time for last 10,000,000:   67s.  Last read position: chr2:151,141,033
INFO	2023-06-25 16:38:13	SortSam	Read   820,000,000 records.  Elapsed time: 01:30:22s.  Time for last 10,000,000:   65s.  Last read position: chr2:155,929,340
INFO	2023-06-25 16:39:18	SortSam	Read   830,000,000 records.  Elapsed time: 01:31:28s.  Time for last 10,000,000:   65s.  Last read position: chr2:160,614,438
INFO	2023-06-25 16:40:23	SortSam	Read   840,000,000 records.  Elapsed time: 01:32:32s.  Time for last 10,000,000:   64s.  Last read position: chr2:165,327,011
INFO	2023-06-25 16:41:28	SortSam	Read   850,000,000 records.  Elapsed time: 01:33:38s.  Time for last 10,000,000:   65s.  Last read position: chr2:170,122,286
INFO	2023-06-25 16:42:35	SortSam	Read   860,000,000 records.  Elapsed time: 01:34:45s.  Time for last 10,000,000:   66s.  Last read position: chr2:174,908,208
INFO	2023-06-25 16:43:41	SortSam	Read   870,000,000 records.  Elapsed time: 01:35:51s.  Time for last 10,000,000:   66s.  Last read position: chr2:179,669,725
INFO	2023-06-25 16:44:46	SortSam	Read   880,000,000 records.  Elapsed time: 01:36:55s.  Time for last 10,000,000:   64s.  Last read position: chr2:184,251,529
INFO	2023-06-25 16:45:52	SortSam	Read   890,000,000 records.  Elapsed time: 01:38:01s.  Time for last 10,000,000:   66s.  Last read position: chr2:188,900,270
INFO	2023-06-25 16:46:57	SortSam	Read   900,000,000 records.  Elapsed time: 01:39:06s.  Time for last 10,000,000:   64s.  Last read position: chr2:193,537,376
INFO	2023-06-25 16:48:01	SortSam	Read   910,000,000 records.  Elapsed time: 01:40:10s.  Time for last 10,000,000:   64s.  Last read position: chr2:198,158,602
INFO	2023-06-25 16:49:07	SortSam	Read   920,000,000 records.  Elapsed time: 01:41:16s.  Time for last 10,000,000:   65s.  Last read position: chr2:202,957,010
INFO	2023-06-25 16:50:13	SortSam	Read   930,000,000 records.  Elapsed time: 01:42:22s.  Time for last 10,000,000:   65s.  Last read position: chr2:207,850,263
INFO	2023-06-25 16:51:17	SortSam	Read   940,000,000 records.  Elapsed time: 01:43:26s.  Time for last 10,000,000:   64s.  Last read position: chr2:212,625,205
INFO	2023-06-25 16:52:21	SortSam	Read   950,000,000 records.  Elapsed time: 01:44:31s.  Time for last 10,000,000:   64s.  Last read position: chr2:217,313,232
INFO	2023-06-25 16:53:26	SortSam	Read   960,000,000 records.  Elapsed time: 01:45:35s.  Time for last 10,000,000:   64s.  Last read position: chr2:222,525,066
INFO	2023-06-25 16:54:30	SortSam	Read   970,000,000 records.  Elapsed time: 01:46:40s.  Time for last 10,000,000:   64s.  Last read position: chr2:227,376,500
INFO	2023-06-25 16:55:36	SortSam	Read   980,000,000 records.  Elapsed time: 01:47:45s.  Time for last 10,000,000:   65s.  Last read position: chr2:232,274,378
INFO	2023-06-25 16:56:41	SortSam	Read   990,000,000 records.  Elapsed time: 01:48:51s.  Time for last 10,000,000:   65s.  Last read position: chr2:237,580,136
INFO	2023-06-25 16:57:47	SortSam	Read 1,000,000,000 records.  Elapsed time: 01:49:57s.  Time for last 10,000,000:   66s.  Last read position: chr3:274,103
INFO	2023-06-25 16:58:54	SortSam	Read 1,010,000,000 records.  Elapsed time: 01:51:03s.  Time for last 10,000,000:   66s.  Last read position: chr3:5,149,174
INFO	2023-06-25 17:00:00	SortSam	Read 1,020,000,000 records.  Elapsed time: 01:52:09s.  Time for last 10,000,000:   66s.  Last read position: chr3:10,190,843
INFO	2023-06-25 17:01:06	SortSam	Read 1,030,000,000 records.  Elapsed time: 01:53:15s.  Time for last 10,000,000:   66s.  Last read position: chr3:15,476,103
INFO	2023-06-25 17:02:11	SortSam	Read 1,040,000,000 records.  Elapsed time: 01:54:21s.  Time for last 10,000,000:   65s.  Last read position: chr3:20,215,648
INFO	2023-06-25 17:03:18	SortSam	Read 1,050,000,000 records.  Elapsed time: 01:55:27s.  Time for last 10,000,000:   66s.  Last read position: chr3:24,997,460
INFO	2023-06-25 17:04:23	SortSam	Read 1,060,000,000 records.  Elapsed time: 01:56:32s.  Time for last 10,000,000:   64s.  Last read position: chr3:29,908,428
INFO	2023-06-25 17:05:27	SortSam	Read 1,070,000,000 records.  Elapsed time: 01:57:37s.  Time for last 10,000,000:   64s.  Last read position: chr3:34,830,939
INFO	2023-06-25 17:06:32	SortSam	Read 1,080,000,000 records.  Elapsed time: 01:58:41s.  Time for last 10,000,000:   64s.  Last read position: chr3:39,803,894
INFO	2023-06-25 17:07:38	SortSam	Read 1,090,000,000 records.  Elapsed time: 01:59:47s.  Time for last 10,000,000:   65s.  Last read position: chr3:44,869,048
INFO	2023-06-25 17:08:46	SortSam	Read 1,100,000,000 records.  Elapsed time: 02:00:55s.  Time for last 10,000,000:   67s.  Last read position: chr3:49,983,091
INFO	2023-06-25 17:09:52	SortSam	Read 1,110,000,000 records.  Elapsed time: 02:02:02s.  Time for last 10,000,000:   66s.  Last read position: chr3:55,143,886
INFO	2023-06-25 17:11:00	SortSam	Read 1,120,000,000 records.  Elapsed time: 02:03:09s.  Time for last 10,000,000:   67s.  Last read position: chr3:60,086,220
INFO	2023-06-25 17:12:07	SortSam	Read 1,130,000,000 records.  Elapsed time: 02:04:16s.  Time for last 10,000,000:   67s.  Last read position: chr3:65,177,856
INFO	2023-06-25 17:13:13	SortSam	Read 1,140,000,000 records.  Elapsed time: 02:05:22s.  Time for last 10,000,000:   65s.  Last read position: chr3:70,226,800
INFO	2023-06-25 17:14:20	SortSam	Read 1,150,000,000 records.  Elapsed time: 02:06:29s.  Time for last 10,000,000:   67s.  Last read position: chr3:75,229,935
INFO	2023-06-25 17:15:29	SortSam	Read 1,160,000,000 records.  Elapsed time: 02:07:38s.  Time for last 10,000,000:   68s.  Last read position: chr3:80,182,445
INFO	2023-06-25 17:16:34	SortSam	Read 1,170,000,000 records.  Elapsed time: 02:08:43s.  Time for last 10,000,000:   65s.  Last read position: chr3:84,906,417
INFO	2023-06-25 17:17:40	SortSam	Read 1,180,000,000 records.  Elapsed time: 02:09:49s.  Time for last 10,000,000:   65s.  Last read position: chr3:89,673,255
INFO	2023-06-25 17:18:44	SortSam	Read 1,190,000,000 records.  Elapsed time: 02:10:54s.  Time for last 10,000,000:   64s.  Last read position: chr3:93,180,156
INFO	2023-06-25 17:19:52	SortSam	Read 1,200,000,000 records.  Elapsed time: 02:12:02s.  Time for last 10,000,000:   67s.  Last read position: chr3:96,844,201
INFO	2023-06-25 17:20:58	SortSam	Read 1,210,000,000 records.  Elapsed time: 02:13:08s.  Time for last 10,000,000:   65s.  Last read position: chr3:101,563,269
INFO	2023-06-25 17:22:05	SortSam	Read 1,220,000,000 records.  Elapsed time: 02:14:14s.  Time for last 10,000,000:   66s.  Last read position: chr3:106,243,012
INFO	2023-06-25 17:23:10	SortSam	Read 1,230,000,000 records.  Elapsed time: 02:15:20s.  Time for last 10,000,000:   65s.  Last read position: chr3:110,891,115
INFO	2023-06-25 17:24:21	SortSam	Read 1,240,000,000 records.  Elapsed time: 02:16:30s.  Time for last 10,000,000:   70s.  Last read position: chr3:115,654,572
INFO	2023-06-25 17:25:37	SortSam	Read 1,250,000,000 records.  Elapsed time: 02:17:46s.  Time for last 10,000,000:   76s.  Last read position: chr3:120,426,254
INFO	2023-06-25 17:26:45	SortSam	Read 1,260,000,000 records.  Elapsed time: 02:18:54s.  Time for last 10,000,000:   68s.  Last read position: chr3:125,122,263
INFO	2023-06-25 17:27:53	SortSam	Read 1,270,000,000 records.  Elapsed time: 02:20:02s.  Time for last 10,000,000:   67s.  Last read position: chr3:130,223,331
INFO	2023-06-25 17:29:07	SortSam	Read 1,280,000,000 records.  Elapsed time: 02:21:17s.  Time for last 10,000,000:   74s.  Last read position: chr3:135,301,959
INFO	2023-06-25 17:30:19	SortSam	Read 1,290,000,000 records.  Elapsed time: 02:22:28s.  Time for last 10,000,000:   71s.  Last read position: chr3:140,266,573
INFO	2023-06-25 17:31:35	SortSam	Read 1,300,000,000 records.  Elapsed time: 02:23:45s.  Time for last 10,000,000:   76s.  Last read position: chr3:145,274,989
INFO	2023-06-25 17:32:46	SortSam	Read 1,310,000,000 records.  Elapsed time: 02:24:56s.  Time for last 10,000,000:   70s.  Last read position: chr3:150,019,676
INFO	2023-06-25 17:33:55	SortSam	Read 1,320,000,000 records.  Elapsed time: 02:26:04s.  Time for last 10,000,000:   68s.  Last read position: chr3:154,784,629
INFO	2023-06-25 17:35:10	SortSam	Read 1,330,000,000 records.  Elapsed time: 02:27:19s.  Time for last 10,000,000:   74s.  Last read position: chr3:159,543,623
INFO	2023-06-25 17:36:22	SortSam	Read 1,340,000,000 records.  Elapsed time: 02:28:32s.  Time for last 10,000,000:   72s.  Last read position: chr3:164,335,928
INFO	2023-06-25 17:37:34	SortSam	Read 1,350,000,000 records.  Elapsed time: 02:29:44s.  Time for last 10,000,000:   71s.  Last read position: chr3:169,199,539
INFO	2023-06-25 17:38:40	SortSam	Read 1,360,000,000 records.  Elapsed time: 02:30:49s.  Time for last 10,000,000:   65s.  Last read position: chr3:173,926,518
INFO	2023-06-25 17:39:45	SortSam	Read 1,370,000,000 records.  Elapsed time: 02:31:54s.  Time for last 10,000,000:   64s.  Last read position: chr3:178,646,013
INFO	2023-06-25 17:40:49	SortSam	Read 1,380,000,000 records.  Elapsed time: 02:32:59s.  Time for last 10,000,000:   64s.  Last read position: chr3:183,401,161
INFO	2023-06-25 17:41:56	SortSam	Read 1,390,000,000 records.  Elapsed time: 02:34:05s.  Time for last 10,000,000:   66s.  Last read position: chr3:188,362,821
INFO	2023-06-25 17:43:03	SortSam	Read 1,400,000,000 records.  Elapsed time: 02:35:12s.  Time for last 10,000,000:   66s.  Last read position: chr3:193,275,394
INFO	2023-06-25 17:44:11	SortSam	Read 1,410,000,000 records.  Elapsed time: 02:36:20s.  Time for last 10,000,000:   68s.  Last read position: chr3:198,197,146
INFO	2023-06-25 17:45:19	SortSam	Read 1,420,000,000 records.  Elapsed time: 02:37:28s.  Time for last 10,000,000:   67s.  Last read position: chr4:2,068,426
INFO	2023-06-25 17:46:26	SortSam	Read 1,430,000,000 records.  Elapsed time: 02:38:36s.  Time for last 10,000,000:   67s.  Last read position: chr4:7,524,017
INFO	2023-06-25 17:47:33	SortSam	Read 1,440,000,000 records.  Elapsed time: 02:39:43s.  Time for last 10,000,000:   67s.  Last read position: chr4:12,893,611
INFO	2023-06-25 17:48:45	SortSam	Read 1,450,000,000 records.  Elapsed time: 02:40:54s.  Time for last 10,000,000:   71s.  Last read position: chr4:17,962,475
INFO	2023-06-25 17:49:53	SortSam	Read 1,460,000,000 records.  Elapsed time: 02:42:02s.  Time for last 10,000,000:   68s.  Last read position: chr4:22,959,089
INFO	2023-06-25 17:51:02	SortSam	Read 1,470,000,000 records.  Elapsed time: 02:43:12s.  Time for last 10,000,000:   69s.  Last read position: chr4:27,951,464
INFO	2023-06-25 17:52:13	SortSam	Read 1,480,000,000 records.  Elapsed time: 02:44:22s.  Time for last 10,000,000:   70s.  Last read position: chr4:32,773,192
INFO	2023-06-25 17:53:19	SortSam	Read 1,490,000,000 records.  Elapsed time: 02:45:28s.  Time for last 10,000,000:   66s.  Last read position: chr4:37,465,157
INFO	2023-06-25 17:54:27	SortSam	Read 1,500,000,000 records.  Elapsed time: 02:46:37s.  Time for last 10,000,000:   68s.  Last read position: chr4:42,267,455
INFO	2023-06-25 17:55:39	SortSam	Read 1,510,000,000 records.  Elapsed time: 02:47:48s.  Time for last 10,000,000:   71s.  Last read position: chr4:47,033,278
INFO	2023-06-25 17:56:47	SortSam	Read 1,520,000,000 records.  Elapsed time: 02:48:57s.  Time for last 10,000,000:   68s.  Last read position: chr4:52,025,197
INFO	2023-06-25 17:57:55	SortSam	Read 1,530,000,000 records.  Elapsed time: 02:50:05s.  Time for last 10,000,000:   68s.  Last read position: chr4:57,701,996
INFO	2023-06-25 17:59:02	SortSam	Read 1,540,000,000 records.  Elapsed time: 02:51:11s.  Time for last 10,000,000:   66s.  Last read position: chr4:62,685,433
INFO	2023-06-25 18:00:06	SortSam	Read 1,550,000,000 records.  Elapsed time: 02:52:15s.  Time for last 10,000,000:   64s.  Last read position: chr4:67,497,185
INFO	2023-06-25 18:01:16	SortSam	Read 1,560,000,000 records.  Elapsed time: 02:53:26s.  Time for last 10,000,000:   70s.  Last read position: chr4:72,333,369
INFO	2023-06-25 18:02:34	SortSam	Read 1,570,000,000 records.  Elapsed time: 02:54:44s.  Time for last 10,000,000:   78s.  Last read position: chr4:76,986,170
INFO	2023-06-25 18:03:53	SortSam	Read 1,580,000,000 records.  Elapsed time: 02:56:02s.  Time for last 10,000,000:   78s.  Last read position: chr4:81,815,393
INFO	2023-06-25 18:05:10	SortSam	Read 1,590,000,000 records.  Elapsed time: 02:57:19s.  Time for last 10,000,000:   77s.  Last read position: chr4:86,530,032
INFO	2023-06-25 18:06:26	SortSam	Read 1,600,000,000 records.  Elapsed time: 02:58:36s.  Time for last 10,000,000:   76s.  Last read position: chr4:91,295,365
INFO	2023-06-25 18:07:43	SortSam	Read 1,610,000,000 records.  Elapsed time: 02:59:52s.  Time for last 10,000,000:   76s.  Last read position: chr4:96,089,735
INFO	2023-06-25 18:09:01	SortSam	Read 1,620,000,000 records.  Elapsed time: 03:01:10s.  Time for last 10,000,000:   77s.  Last read position: chr4:100,930,880
INFO	2023-06-25 18:10:17	SortSam	Read 1,630,000,000 records.  Elapsed time: 03:02:26s.  Time for last 10,000,000:   76s.  Last read position: chr4:105,698,142
INFO	2023-06-25 18:11:33	SortSam	Read 1,640,000,000 records.  Elapsed time: 03:03:42s.  Time for last 10,000,000:   75s.  Last read position: chr4:110,275,455
INFO	2023-06-25 18:12:51	SortSam	Read 1,650,000,000 records.  Elapsed time: 03:05:00s.  Time for last 10,000,000:   78s.  Last read position: chr4:115,105,146
INFO	2023-06-25 18:14:06	SortSam	Read 1,660,000,000 records.  Elapsed time: 03:06:16s.  Time for last 10,000,000:   75s.  Last read position: chr4:119,737,687
INFO	2023-06-25 18:15:14	SortSam	Read 1,670,000,000 records.  Elapsed time: 03:07:23s.  Time for last 10,000,000:   67s.  Last read position: chr4:124,519,738
INFO	2023-06-25 18:16:21	SortSam	Read 1,680,000,000 records.  Elapsed time: 03:08:31s.  Time for last 10,000,000:   67s.  Last read position: chr4:129,282,499
INFO	2023-06-25 18:17:30	SortSam	Read 1,690,000,000 records.  Elapsed time: 03:09:40s.  Time for last 10,000,000:   68s.  Last read position: chr4:134,059,958
INFO	2023-06-25 18:18:37	SortSam	Read 1,700,000,000 records.  Elapsed time: 03:10:46s.  Time for last 10,000,000:   66s.  Last read position: chr4:138,825,776
INFO	2023-06-25 18:19:43	SortSam	Read 1,710,000,000 records.  Elapsed time: 03:11:52s.  Time for last 10,000,000:   66s.  Last read position: chr4:143,668,591
INFO	2023-06-25 18:20:46	SortSam	Read 1,720,000,000 records.  Elapsed time: 03:12:56s.  Time for last 10,000,000:   63s.  Last read position: chr4:148,477,857
INFO	2023-06-25 18:21:49	SortSam	Read 1,730,000,000 records.  Elapsed time: 03:13:59s.  Time for last 10,000,000:   62s.  Last read position: chr4:153,224,899
INFO	2023-06-25 18:22:53	SortSam	Read 1,740,000,000 records.  Elapsed time: 03:15:02s.  Time for last 10,000,000:   63s.  Last read position: chr4:157,973,245
INFO	2023-06-25 18:23:56	SortSam	Read 1,750,000,000 records.  Elapsed time: 03:16:05s.  Time for last 10,000,000:   63s.  Last read position: chr4:162,742,759
INFO	2023-06-25 18:25:01	SortSam	Read 1,760,000,000 records.  Elapsed time: 03:17:10s.  Time for last 10,000,000:   64s.  Last read position: chr4:167,438,797
INFO	2023-06-25 18:26:16	SortSam	Read 1,770,000,000 records.  Elapsed time: 03:18:25s.  Time for last 10,000,000:   75s.  Last read position: chr4:172,041,830
INFO	2023-06-25 18:27:26	SortSam	Read 1,780,000,000 records.  Elapsed time: 03:19:35s.  Time for last 10,000,000:   70s.  Last read position: chr4:176,797,572
INFO	2023-06-25 18:28:30	SortSam	Read 1,790,000,000 records.  Elapsed time: 03:20:40s.  Time for last 10,000,000:   64s.  Last read position: chr4:181,606,546
INFO	2023-06-25 18:29:34	SortSam	Read 1,800,000,000 records.  Elapsed time: 03:21:44s.  Time for last 10,000,000:   64s.  Last read position: chr4:186,543,241
INFO	2023-06-25 18:30:39	SortSam	Read 1,810,000,000 records.  Elapsed time: 03:22:49s.  Time for last 10,000,000:   64s.  Last read position: chr4:191,556,774
INFO	2023-06-25 18:31:45	SortSam	Read 1,820,000,000 records.  Elapsed time: 03:23:54s.  Time for last 10,000,000:   65s.  Last read position: chr5:3,264,877
INFO	2023-06-25 18:32:49	SortSam	Read 1,830,000,000 records.  Elapsed time: 03:24:59s.  Time for last 10,000,000:   64s.  Last read position: chr5:8,488,720
INFO	2023-06-25 18:33:56	SortSam	Read 1,840,000,000 records.  Elapsed time: 03:26:06s.  Time for last 10,000,000:   67s.  Last read position: chr5:13,424,906
INFO	2023-06-25 18:35:06	SortSam	Read 1,850,000,000 records.  Elapsed time: 03:27:15s.  Time for last 10,000,000:   69s.  Last read position: chr5:18,464,264
INFO	2023-06-25 18:36:19	SortSam	Read 1,860,000,000 records.  Elapsed time: 03:28:28s.  Time for last 10,000,000:   72s.  Last read position: chr5:23,339,216
INFO	2023-06-25 18:37:24	SortSam	Read 1,870,000,000 records.  Elapsed time: 03:29:33s.  Time for last 10,000,000:   65s.  Last read position: chr5:28,167,583
INFO	2023-06-25 18:38:32	SortSam	Read 1,880,000,000 records.  Elapsed time: 03:30:41s.  Time for last 10,000,000:   67s.  Last read position: chr5:33,057,513
INFO	2023-06-25 18:39:38	SortSam	Read 1,890,000,000 records.  Elapsed time: 03:31:47s.  Time for last 10,000,000:   66s.  Last read position: chr5:37,771,983
INFO	2023-06-25 18:40:43	SortSam	Read 1,900,000,000 records.  Elapsed time: 03:32:53s.  Time for last 10,000,000:   65s.  Last read position: chr5:42,615,758
INFO	2023-06-25 18:41:49	SortSam	Read 1,910,000,000 records.  Elapsed time: 03:33:58s.  Time for last 10,000,000:   65s.  Last read position: chr5:47,257,337
INFO	2023-06-25 18:42:59	SortSam	Read 1,920,000,000 records.  Elapsed time: 03:35:08s.  Time for last 10,000,000:   69s.  Last read position: chr5:50,444,234
INFO	2023-06-25 18:44:06	SortSam	Read 1,930,000,000 records.  Elapsed time: 03:36:16s.  Time for last 10,000,000:   67s.  Last read position: chr5:55,141,710
INFO	2023-06-25 18:45:14	SortSam	Read 1,940,000,000 records.  Elapsed time: 03:37:24s.  Time for last 10,000,000:   67s.  Last read position: chr5:60,040,165
INFO	2023-06-25 18:46:19	SortSam	Read 1,950,000,000 records.  Elapsed time: 03:38:28s.  Time for last 10,000,000:   64s.  Last read position: chr5:64,797,990
INFO	2023-06-25 18:47:23	SortSam	Read 1,960,000,000 records.  Elapsed time: 03:39:32s.  Time for last 10,000,000:   63s.  Last read position: chr5:69,539,693
INFO	2023-06-25 18:48:27	SortSam	Read 1,970,000,000 records.  Elapsed time: 03:40:36s.  Time for last 10,000,000:   64s.  Last read position: chr5:73,998,325
INFO	2023-06-25 18:49:30	SortSam	Read 1,980,000,000 records.  Elapsed time: 03:41:40s.  Time for last 10,000,000:   63s.  Last read position: chr5:78,844,409
INFO	2023-06-25 18:50:34	SortSam	Read 1,990,000,000 records.  Elapsed time: 03:42:44s.  Time for last 10,000,000:   64s.  Last read position: chr5:83,674,959
INFO	2023-06-25 18:51:38	SortSam	Read 2,000,000,000 records.  Elapsed time: 03:43:47s.  Time for last 10,000,000:   63s.  Last read position: chr5:88,332,908
INFO	2023-06-25 18:52:41	SortSam	Read 2,010,000,000 records.  Elapsed time: 03:44:50s.  Time for last 10,000,000:   63s.  Last read position: chr5:92,955,391
INFO	2023-06-25 18:53:45	SortSam	Read 2,020,000,000 records.  Elapsed time: 03:45:54s.  Time for last 10,000,000:   63s.  Last read position: chr5:97,609,540
INFO	2023-06-25 18:54:48	SortSam	Read 2,030,000,000 records.  Elapsed time: 03:46:57s.  Time for last 10,000,000:   63s.  Last read position: chr5:102,181,689
INFO	2023-06-25 18:55:50	SortSam	Read 2,040,000,000 records.  Elapsed time: 03:48:00s.  Time for last 10,000,000:   62s.  Last read position: chr5:106,944,545
INFO	2023-06-25 18:56:53	SortSam	Read 2,050,000,000 records.  Elapsed time: 03:49:03s.  Time for last 10,000,000:   62s.  Last read position: chr5:111,657,457
INFO	2023-06-25 18:57:57	SortSam	Read 2,060,000,000 records.  Elapsed time: 03:50:06s.  Time for last 10,000,000:   63s.  Last read position: chr5:116,445,702
INFO	2023-06-25 18:59:00	SortSam	Read 2,070,000,000 records.  Elapsed time: 03:51:09s.  Time for last 10,000,000:   63s.  Last read position: chr5:121,124,862
INFO	2023-06-25 19:00:02	SortSam	Read 2,080,000,000 records.  Elapsed time: 03:52:11s.  Time for last 10,000,000:   62s.  Last read position: chr5:125,941,308
INFO	2023-06-25 19:01:06	SortSam	Read 2,090,000,000 records.  Elapsed time: 03:53:15s.  Time for last 10,000,000:   63s.  Last read position: chr5:130,684,645
INFO	2023-06-25 19:02:11	SortSam	Read 2,100,000,000 records.  Elapsed time: 03:54:20s.  Time for last 10,000,000:   64s.  Last read position: chr5:135,537,150
INFO	2023-06-25 19:03:15	SortSam	Read 2,110,000,000 records.  Elapsed time: 03:55:24s.  Time for last 10,000,000:   63s.  Last read position: chr5:140,617,287
INFO	2023-06-25 19:04:20	SortSam	Read 2,120,000,000 records.  Elapsed time: 03:56:29s.  Time for last 10,000,000:   65s.  Last read position: chr5:145,525,706
INFO	2023-06-25 19:05:34	SortSam	Read 2,130,000,000 records.  Elapsed time: 03:57:43s.  Time for last 10,000,000:   74s.  Last read position: chr5:150,542,138
INFO	2023-06-25 19:06:49	SortSam	Read 2,140,000,000 records.  Elapsed time: 03:58:58s.  Time for last 10,000,000:   75s.  Last read position: chr5:155,607,206
INFO	2023-06-25 19:08:00	SortSam	Read 2,150,000,000 records.  Elapsed time: 04:00:09s.  Time for last 10,000,000:   70s.  Last read position: chr5:160,511,187
INFO	2023-06-25 19:09:09	SortSam	Read 2,160,000,000 records.  Elapsed time: 04:01:18s.  Time for last 10,000,000:   69s.  Last read position: chr5:165,345,365
INFO	2023-06-25 19:10:19	SortSam	Read 2,170,000,000 records.  Elapsed time: 04:02:28s.  Time for last 10,000,000:   69s.  Last read position: chr5:170,385,424
INFO	2023-06-25 19:11:29	SortSam	Read 2,180,000,000 records.  Elapsed time: 04:03:39s.  Time for last 10,000,000:   70s.  Last read position: chr5:175,607,915
INFO	2023-06-25 19:12:39	SortSam	Read 2,190,000,000 records.  Elapsed time: 04:04:49s.  Time for last 10,000,000:   70s.  Last read position: chr5:180,969,336
INFO	2023-06-25 19:13:51	SortSam	Read 2,200,000,000 records.  Elapsed time: 04:06:00s.  Time for last 10,000,000:   71s.  Last read position: chr6:3,877,495
INFO	2023-06-25 19:14:59	SortSam	Read 2,210,000,000 records.  Elapsed time: 04:07:08s.  Time for last 10,000,000:   68s.  Last read position: chr6:8,915,208
INFO	2023-06-25 19:16:10	SortSam	Read 2,220,000,000 records.  Elapsed time: 04:08:19s.  Time for last 10,000,000:   70s.  Last read position: chr6:13,760,066
INFO	2023-06-25 19:17:24	SortSam	Read 2,230,000,000 records.  Elapsed time: 04:09:33s.  Time for last 10,000,000:   73s.  Last read position: chr6:18,788,129
INFO	2023-06-25 19:18:39	SortSam	Read 2,240,000,000 records.  Elapsed time: 04:10:48s.  Time for last 10,000,000:   74s.  Last read position: chr6:23,720,111
INFO	2023-06-25 19:19:55	SortSam	Read 2,250,000,000 records.  Elapsed time: 04:12:04s.  Time for last 10,000,000:   76s.  Last read position: chr6:28,666,277
INFO	2023-06-25 19:21:12	SortSam	Read 2,260,000,000 records.  Elapsed time: 04:13:21s.  Time for last 10,000,000:   76s.  Last read position: chr6:33,866,368
INFO	2023-06-25 19:22:28	SortSam	Read 2,270,000,000 records.  Elapsed time: 04:14:38s.  Time for last 10,000,000:   76s.  Last read position: chr6:38,933,505
INFO	2023-06-25 19:23:43	SortSam	Read 2,280,000,000 records.  Elapsed time: 04:15:52s.  Time for last 10,000,000:   74s.  Last read position: chr6:44,259,477
INFO	2023-06-25 19:24:58	SortSam	Read 2,290,000,000 records.  Elapsed time: 04:17:07s.  Time for last 10,000,000:   74s.  Last read position: chr6:49,168,036
INFO	2023-06-25 19:26:12	SortSam	Read 2,300,000,000 records.  Elapsed time: 04:18:21s.  Time for last 10,000,000:   74s.  Last read position: chr6:54,009,817
INFO	2023-06-25 19:27:25	SortSam	Read 2,310,000,000 records.  Elapsed time: 04:19:34s.  Time for last 10,000,000:   72s.  Last read position: chr6:58,378,871
INFO	2023-06-25 19:28:39	SortSam	Read 2,320,000,000 records.  Elapsed time: 04:20:48s.  Time for last 10,000,000:   74s.  Last read position: chr6:63,823,198
INFO	2023-06-25 19:29:52	SortSam	Read 2,330,000,000 records.  Elapsed time: 04:22:01s.  Time for last 10,000,000:   73s.  Last read position: chr6:68,587,135
INFO	2023-06-25 19:31:07	SortSam	Read 2,340,000,000 records.  Elapsed time: 04:23:16s.  Time for last 10,000,000:   75s.  Last read position: chr6:73,293,008
INFO	2023-06-25 19:32:22	SortSam	Read 2,350,000,000 records.  Elapsed time: 04:24:31s.  Time for last 10,000,000:   74s.  Last read position: chr6:77,970,919
INFO	2023-06-25 19:33:35	SortSam	Read 2,360,000,000 records.  Elapsed time: 04:25:44s.  Time for last 10,000,000:   72s.  Last read position: chr6:82,841,962
INFO	2023-06-25 19:34:48	SortSam	Read 2,370,000,000 records.  Elapsed time: 04:26:57s.  Time for last 10,000,000:   73s.  Last read position: chr6:87,712,103
INFO	2023-06-25 19:36:01	SortSam	Read 2,380,000,000 records.  Elapsed time: 04:28:11s.  Time for last 10,000,000:   73s.  Last read position: chr6:92,514,675
INFO	2023-06-25 19:37:14	SortSam	Read 2,390,000,000 records.  Elapsed time: 04:29:24s.  Time for last 10,000,000:   72s.  Last read position: chr6:97,306,557
INFO	2023-06-25 19:38:27	SortSam	Read 2,400,000,000 records.  Elapsed time: 04:30:36s.  Time for last 10,000,000:   72s.  Last read position: chr6:102,101,288
INFO	2023-06-25 19:39:41	SortSam	Read 2,410,000,000 records.  Elapsed time: 04:31:50s.  Time for last 10,000,000:   74s.  Last read position: chr6:106,874,186
INFO	2023-06-25 19:40:54	SortSam	Read 2,420,000,000 records.  Elapsed time: 04:33:03s.  Time for last 10,000,000:   72s.  Last read position: chr6:111,796,768
INFO	2023-06-25 19:42:05	SortSam	Read 2,430,000,000 records.  Elapsed time: 04:34:15s.  Time for last 10,000,000:   71s.  Last read position: chr6:116,503,828
INFO	2023-06-25 19:43:17	SortSam	Read 2,440,000,000 records.  Elapsed time: 04:35:26s.  Time for last 10,000,000:   71s.  Last read position: chr6:121,215,723
INFO	2023-06-25 19:44:29	SortSam	Read 2,450,000,000 records.  Elapsed time: 04:36:38s.  Time for last 10,000,000:   72s.  Last read position: chr6:126,041,636
INFO	2023-06-25 19:45:42	SortSam	Read 2,460,000,000 records.  Elapsed time: 04:37:51s.  Time for last 10,000,000:   72s.  Last read position: chr6:130,739,980
INFO	2023-06-25 19:46:54	SortSam	Read 2,470,000,000 records.  Elapsed time: 04:39:04s.  Time for last 10,000,000:   72s.  Last read position: chr6:135,546,028
INFO	2023-06-25 19:48:07	SortSam	Read 2,480,000,000 records.  Elapsed time: 04:40:16s.  Time for last 10,000,000:   72s.  Last read position: chr6:140,226,264
INFO	2023-06-25 19:49:20	SortSam	Read 2,490,000,000 records.  Elapsed time: 04:41:29s.  Time for last 10,000,000:   73s.  Last read position: chr6:144,945,037
INFO	2023-06-25 19:50:33	SortSam	Read 2,500,000,000 records.  Elapsed time: 04:42:42s.  Time for last 10,000,000:   72s.  Last read position: chr6:149,773,307
INFO	2023-06-25 19:51:48	SortSam	Read 2,510,000,000 records.  Elapsed time: 04:43:58s.  Time for last 10,000,000:   75s.  Last read position: chr6:154,713,113
INFO	2023-06-25 19:53:02	SortSam	Read 2,520,000,000 records.  Elapsed time: 04:45:12s.  Time for last 10,000,000:   73s.  Last read position: chr6:159,581,676
INFO	2023-06-25 19:54:18	SortSam	Read 2,530,000,000 records.  Elapsed time: 04:46:27s.  Time for last 10,000,000:   75s.  Last read position: chr6:164,683,788
INFO	2023-06-25 19:55:32	SortSam	Read 2,540,000,000 records.  Elapsed time: 04:47:41s.  Time for last 10,000,000:   73s.  Last read position: chr6:169,832,357
INFO	2023-06-25 19:56:47	SortSam	Read 2,550,000,000 records.  Elapsed time: 04:48:56s.  Time for last 10,000,000:   75s.  Last read position: chr7:3,040,254
INFO	2023-06-25 19:58:01	SortSam	Read 2,560,000,000 records.  Elapsed time: 04:50:11s.  Time for last 10,000,000:   74s.  Last read position: chr7:8,171,661
INFO	2023-06-25 19:59:14	SortSam	Read 2,570,000,000 records.  Elapsed time: 04:51:23s.  Time for last 10,000,000:   72s.  Last read position: chr7:12,893,236
INFO	2023-06-25 20:00:27	SortSam	Read 2,580,000,000 records.  Elapsed time: 04:52:36s.  Time for last 10,000,000:   73s.  Last read position: chr7:17,715,439
INFO	2023-06-25 20:01:41	SortSam	Read 2,590,000,000 records.  Elapsed time: 04:53:50s.  Time for last 10,000,000:   73s.  Last read position: chr7:22,405,705
INFO	2023-06-25 20:02:54	SortSam	Read 2,600,000,000 records.  Elapsed time: 04:55:03s.  Time for last 10,000,000:   73s.  Last read position: chr7:27,260,787
INFO	2023-06-25 20:04:08	SortSam	Read 2,610,000,000 records.  Elapsed time: 04:56:18s.  Time for last 10,000,000:   74s.  Last read position: chr7:32,328,074
INFO	2023-06-25 20:05:22	SortSam	Read 2,620,000,000 records.  Elapsed time: 04:57:31s.  Time for last 10,000,000:   73s.  Last read position: chr7:37,275,789
INFO	2023-06-25 20:06:39	SortSam	Read 2,630,000,000 records.  Elapsed time: 04:58:49s.  Time for last 10,000,000:   77s.  Last read position: chr7:42,198,921
INFO	2023-06-25 20:08:08	SortSam	Read 2,640,000,000 records.  Elapsed time: 05:00:17s.  Time for last 10,000,000:   88s.  Last read position: chr7:47,241,091
INFO	2023-06-25 20:09:25	SortSam	Read 2,650,000,000 records.  Elapsed time: 05:01:34s.  Time for last 10,000,000:   76s.  Last read position: chr7:52,248,256
INFO	2023-06-25 20:10:44	SortSam	Read 2,660,000,000 records.  Elapsed time: 05:02:53s.  Time for last 10,000,000:   79s.  Last read position: chr7:57,313,579
INFO	2023-06-25 20:11:58	SortSam	Read 2,670,000,000 records.  Elapsed time: 05:04:07s.  Time for last 10,000,000:   73s.  Last read position: chr7:61,480,989
INFO	2023-06-25 20:13:13	SortSam	Read 2,680,000,000 records.  Elapsed time: 05:05:22s.  Time for last 10,000,000:   74s.  Last read position: chr7:66,125,169
INFO	2023-06-25 20:14:28	SortSam	Read 2,690,000,000 records.  Elapsed time: 05:06:38s.  Time for last 10,000,000:   75s.  Last read position: chr7:71,197,416
INFO	2023-06-25 20:15:43	SortSam	Read 2,700,000,000 records.  Elapsed time: 05:07:53s.  Time for last 10,000,000:   75s.  Last read position: chr7:76,464,914
INFO	2023-06-25 20:16:58	SortSam	Read 2,710,000,000 records.  Elapsed time: 05:09:08s.  Time for last 10,000,000:   74s.  Last read position: chr7:81,414,681
INFO	2023-06-25 20:18:12	SortSam	Read 2,720,000,000 records.  Elapsed time: 05:10:21s.  Time for last 10,000,000:   73s.  Last read position: chr7:86,172,831
INFO	2023-06-25 20:19:29	SortSam	Read 2,730,000,000 records.  Elapsed time: 05:11:38s.  Time for last 10,000,000:   77s.  Last read position: chr7:90,216,556
INFO	2023-06-25 20:20:42	SortSam	Read 2,740,000,000 records.  Elapsed time: 05:12:52s.  Time for last 10,000,000:   73s.  Last read position: chr7:94,932,051
INFO	2023-06-25 20:21:58	SortSam	Read 2,750,000,000 records.  Elapsed time: 05:14:07s.  Time for last 10,000,000:   75s.  Last read position: chr7:99,780,086
INFO	2023-06-25 20:23:15	SortSam	Read 2,760,000,000 records.  Elapsed time: 05:15:24s.  Time for last 10,000,000:   77s.  Last read position: chr7:104,879,733
INFO	2023-06-25 20:24:30	SortSam	Read 2,770,000,000 records.  Elapsed time: 05:16:39s.  Time for last 10,000,000:   74s.  Last read position: chr7:109,700,633
INFO	2023-06-25 20:25:43	SortSam	Read 2,780,000,000 records.  Elapsed time: 05:17:52s.  Time for last 10,000,000:   73s.  Last read position: chr7:114,541,140
INFO	2023-06-25 20:26:56	SortSam	Read 2,790,000,000 records.  Elapsed time: 05:19:06s.  Time for last 10,000,000:   73s.  Last read position: chr7:119,203,714
INFO	2023-06-25 20:28:10	SortSam	Read 2,800,000,000 records.  Elapsed time: 05:20:19s.  Time for last 10,000,000:   73s.  Last read position: chr7:123,846,261
INFO	2023-06-25 20:29:22	SortSam	Read 2,810,000,000 records.  Elapsed time: 05:21:32s.  Time for last 10,000,000:   72s.  Last read position: chr7:128,629,736
INFO	2023-06-25 20:30:37	SortSam	Read 2,820,000,000 records.  Elapsed time: 05:22:46s.  Time for last 10,000,000:   74s.  Last read position: chr7:133,657,905
INFO	2023-06-25 20:31:51	SortSam	Read 2,830,000,000 records.  Elapsed time: 05:24:00s.  Time for last 10,000,000:   74s.  Last read position: chr7:138,600,823
INFO	2023-06-25 20:33:05	SortSam	Read 2,840,000,000 records.  Elapsed time: 05:25:15s.  Time for last 10,000,000:   74s.  Last read position: chr7:143,691,849
INFO	2023-06-25 20:34:19	SortSam	Read 2,850,000,000 records.  Elapsed time: 05:26:28s.  Time for last 10,000,000:   73s.  Last read position: chr7:148,483,210
INFO	2023-06-25 20:35:34	SortSam	Read 2,860,000,000 records.  Elapsed time: 05:27:43s.  Time for last 10,000,000:   75s.  Last read position: chr7:153,660,236
INFO	2023-06-25 20:36:47	SortSam	Read 2,870,000,000 records.  Elapsed time: 05:28:57s.  Time for last 10,000,000:   73s.  Last read position: chr7:158,987,423
INFO	2023-06-25 20:38:03	SortSam	Read 2,880,000,000 records.  Elapsed time: 05:30:12s.  Time for last 10,000,000:   75s.  Last read position: chr8:3,788,160
INFO	2023-06-25 20:39:17	SortSam	Read 2,890,000,000 records.  Elapsed time: 05:31:26s.  Time for last 10,000,000:   74s.  Last read position: chr8:8,943,608
INFO	2023-06-25 20:40:28	SortSam	Read 2,900,000,000 records.  Elapsed time: 05:32:37s.  Time for last 10,000,000:   70s.  Last read position: chr8:14,617,692
INFO	2023-06-25 20:41:31	SortSam	Read 2,910,000,000 records.  Elapsed time: 05:33:40s.  Time for last 10,000,000:   63s.  Last read position: chr8:19,640,790
INFO	2023-06-25 20:42:37	SortSam	Read 2,920,000,000 records.  Elapsed time: 05:34:47s.  Time for last 10,000,000:   66s.  Last read position: chr8:24,932,458
INFO	2023-06-25 20:43:44	SortSam	Read 2,930,000,000 records.  Elapsed time: 05:35:53s.  Time for last 10,000,000:   66s.  Last read position: chr8:30,016,462
INFO	2023-06-25 20:44:48	SortSam	Read 2,940,000,000 records.  Elapsed time: 05:36:57s.  Time for last 10,000,000:   64s.  Last read position: chr8:34,988,360
INFO	2023-06-25 20:45:56	SortSam	Read 2,950,000,000 records.  Elapsed time: 05:38:05s.  Time for last 10,000,000:   68s.  Last read position: chr8:40,078,295
INFO	2023-06-25 20:47:00	SortSam	Read 2,960,000,000 records.  Elapsed time: 05:39:09s.  Time for last 10,000,000:   64s.  Last read position: chr8:44,977,480
INFO	2023-06-25 20:48:07	SortSam	Read 2,970,000,000 records.  Elapsed time: 05:40:16s.  Time for last 10,000,000:   66s.  Last read position: chr8:49,911,991
INFO	2023-06-25 20:49:12	SortSam	Read 2,980,000,000 records.  Elapsed time: 05:41:21s.  Time for last 10,000,000:   64s.  Last read position: chr8:54,762,596
INFO	2023-06-25 20:50:16	SortSam	Read 2,990,000,000 records.  Elapsed time: 05:42:26s.  Time for last 10,000,000:   64s.  Last read position: chr8:59,577,097
INFO	2023-06-25 20:51:21	SortSam	Read 3,000,000,000 records.  Elapsed time: 05:43:31s.  Time for last 10,000,000:   65s.  Last read position: chr8:64,356,439
INFO	2023-06-25 20:52:27	SortSam	Read 3,010,000,000 records.  Elapsed time: 05:44:37s.  Time for last 10,000,000:   66s.  Last read position: chr8:69,134,592
INFO	2023-06-25 20:53:34	SortSam	Read 3,020,000,000 records.  Elapsed time: 05:45:44s.  Time for last 10,000,000:   66s.  Last read position: chr8:73,951,515
INFO	2023-06-25 20:54:39	SortSam	Read 3,030,000,000 records.  Elapsed time: 05:46:48s.  Time for last 10,000,000:   64s.  Last read position: chr8:78,694,042
INFO	2023-06-25 20:55:44	SortSam	Read 3,040,000,000 records.  Elapsed time: 05:47:54s.  Time for last 10,000,000:   65s.  Last read position: chr8:83,394,684
INFO	2023-06-25 20:56:52	SortSam	Read 3,050,000,000 records.  Elapsed time: 05:49:01s.  Time for last 10,000,000:   67s.  Last read position: chr8:88,222,560
INFO	2023-06-25 20:57:56	SortSam	Read 3,060,000,000 records.  Elapsed time: 05:50:06s.  Time for last 10,000,000:   64s.  Last read position: chr8:92,928,840
INFO	2023-06-25 20:59:03	SortSam	Read 3,070,000,000 records.  Elapsed time: 05:51:12s.  Time for last 10,000,000:   66s.  Last read position: chr8:97,808,831
INFO	2023-06-25 21:00:08	SortSam	Read 3,080,000,000 records.  Elapsed time: 05:52:17s.  Time for last 10,000,000:   64s.  Last read position: chr8:102,568,879
INFO	2023-06-25 21:01:13	SortSam	Read 3,090,000,000 records.  Elapsed time: 05:53:22s.  Time for last 10,000,000:   64s.  Last read position: chr8:107,349,515
INFO	2023-06-25 21:02:18	SortSam	Read 3,100,000,000 records.  Elapsed time: 05:54:27s.  Time for last 10,000,000:   65s.  Last read position: chr8:112,139,082
INFO	2023-06-25 21:03:25	SortSam	Read 3,110,000,000 records.  Elapsed time: 05:55:34s.  Time for last 10,000,000:   67s.  Last read position: chr8:116,875,568
INFO	2023-06-25 21:04:29	SortSam	Read 3,120,000,000 records.  Elapsed time: 05:56:38s.  Time for last 10,000,000:   63s.  Last read position: chr8:121,809,020
INFO	2023-06-25 21:05:35	SortSam	Read 3,130,000,000 records.  Elapsed time: 05:57:44s.  Time for last 10,000,000:   65s.  Last read position: chr8:126,822,699
INFO	2023-06-25 21:06:40	SortSam	Read 3,140,000,000 records.  Elapsed time: 05:58:49s.  Time for last 10,000,000:   65s.  Last read position: chr8:131,656,229
INFO	2023-06-25 21:07:46	SortSam	Read 3,150,000,000 records.  Elapsed time: 05:59:56s.  Time for last 10,000,000:   66s.  Last read position: chr8:136,823,755
INFO	2023-06-25 21:08:53	SortSam	Read 3,160,000,000 records.  Elapsed time: 06:01:03s.  Time for last 10,000,000:   67s.  Last read position: chr8:142,020,563
INFO	2023-06-25 21:10:00	SortSam	Read 3,170,000,000 records.  Elapsed time: 06:02:10s.  Time for last 10,000,000:   66s.  Last read position: chr9:1,214,698
INFO	2023-06-25 21:11:07	SortSam	Read 3,180,000,000 records.  Elapsed time: 06:03:17s.  Time for last 10,000,000:   66s.  Last read position: chr9:5,878,359
INFO	2023-06-25 21:12:11	SortSam	Read 3,190,000,000 records.  Elapsed time: 06:04:21s.  Time for last 10,000,000:   64s.  Last read position: chr9:10,618,824
INFO	2023-06-25 21:13:18	SortSam	Read 3,200,000,000 records.  Elapsed time: 06:05:28s.  Time for last 10,000,000:   67s.  Last read position: chr9:15,458,087
INFO	2023-06-25 21:14:22	SortSam	Read 3,210,000,000 records.  Elapsed time: 06:06:31s.  Time for last 10,000,000:   63s.  Last read position: chr9:20,310,190
INFO	2023-06-25 21:15:26	SortSam	Read 3,220,000,000 records.  Elapsed time: 06:07:35s.  Time for last 10,000,000:   64s.  Last read position: chr9:25,021,964
INFO	2023-06-25 21:16:34	SortSam	Read 3,230,000,000 records.  Elapsed time: 06:08:43s.  Time for last 10,000,000:   67s.  Last read position: chr9:29,803,309
INFO	2023-06-25 21:17:41	SortSam	Read 3,240,000,000 records.  Elapsed time: 06:09:50s.  Time for last 10,000,000:   66s.  Last read position: chr9:34,595,238
INFO	2023-06-25 21:18:46	SortSam	Read 3,250,000,000 records.  Elapsed time: 06:10:56s.  Time for last 10,000,000:   65s.  Last read position: chr9:39,297,621
INFO	2023-06-25 21:19:50	SortSam	Read 3,260,000,000 records.  Elapsed time: 06:12:00s.  Time for last 10,000,000:   63s.  Last read position: chr9:42,899,803
INFO	2023-06-25 21:20:54	SortSam	Read 3,270,000,000 records.  Elapsed time: 06:13:04s.  Time for last 10,000,000:   64s.  Last read position: chr9:47,094,240
INFO	2023-06-25 21:22:01	SortSam	Read 3,280,000,000 records.  Elapsed time: 06:14:11s.  Time for last 10,000,000:   67s.  Last read position: chr9:53,782,641
INFO	2023-06-25 21:23:11	SortSam	Read 3,290,000,000 records.  Elapsed time: 06:15:21s.  Time for last 10,000,000:   69s.  Last read position: chr9:65,555,890
INFO	2023-06-25 21:24:22	SortSam	Read 3,300,000,000 records.  Elapsed time: 06:16:31s.  Time for last 10,000,000:   70s.  Last read position: chr9:75,878,722
INFO	2023-06-25 21:25:27	SortSam	Read 3,310,000,000 records.  Elapsed time: 06:17:36s.  Time for last 10,000,000:   65s.  Last read position: chr9:79,757,342
INFO	2023-06-25 21:26:30	SortSam	Read 3,320,000,000 records.  Elapsed time: 06:18:40s.  Time for last 10,000,000:   63s.  Last read position: chr9:84,606,783
INFO	2023-06-25 21:27:33	SortSam	Read 3,330,000,000 records.  Elapsed time: 06:19:42s.  Time for last 10,000,000:   62s.  Last read position: chr9:89,407,632
INFO	2023-06-25 21:28:36	SortSam	Read 3,340,000,000 records.  Elapsed time: 06:20:45s.  Time for last 10,000,000:   62s.  Last read position: chr9:94,396,153
INFO	2023-06-25 21:29:39	SortSam	Read 3,350,000,000 records.  Elapsed time: 06:21:49s.  Time for last 10,000,000:   63s.  Last read position: chr9:99,335,926
INFO	2023-06-25 21:30:43	SortSam	Read 3,360,000,000 records.  Elapsed time: 06:22:52s.  Time for last 10,000,000:   63s.  Last read position: chr9:104,346,816
INFO	2023-06-25 21:31:47	SortSam	Read 3,370,000,000 records.  Elapsed time: 06:23:57s.  Time for last 10,000,000:   64s.  Last read position: chr9:109,356,602
INFO	2023-06-25 21:32:51	SortSam	Read 3,380,000,000 records.  Elapsed time: 06:25:01s.  Time for last 10,000,000:   63s.  Last read position: chr9:114,267,161
INFO	2023-06-25 21:33:55	SortSam	Read 3,390,000,000 records.  Elapsed time: 06:26:05s.  Time for last 10,000,000:   64s.  Last read position: chr9:119,038,784
INFO	2023-06-25 21:35:00	SortSam	Read 3,400,000,000 records.  Elapsed time: 06:27:09s.  Time for last 10,000,000:   64s.  Last read position: chr9:123,925,171
INFO	2023-06-25 21:36:04	SortSam	Read 3,410,000,000 records.  Elapsed time: 06:28:13s.  Time for last 10,000,000:   64s.  Last read position: chr9:128,932,496
INFO	2023-06-25 21:37:09	SortSam	Read 3,420,000,000 records.  Elapsed time: 06:29:18s.  Time for last 10,000,000:   64s.  Last read position: chr9:133,928,134
INFO	2023-06-25 21:38:13	SortSam	Read 3,430,000,000 records.  Elapsed time: 06:30:23s.  Time for last 10,000,000:   64s.  Last read position: chr9:138,868,444
INFO	2023-06-25 21:39:19	SortSam	Read 3,440,000,000 records.  Elapsed time: 06:31:28s.  Time for last 10,000,000:   65s.  Last read position: chr9:144,214,388
INFO	2023-06-25 21:40:24	SortSam	Read 3,450,000,000 records.  Elapsed time: 06:32:34s.  Time for last 10,000,000:   65s.  Last read position: chr9:149,820,102
INFO	2023-06-25 21:41:29	SortSam	Read 3,460,000,000 records.  Elapsed time: 06:33:39s.  Time for last 10,000,000:   64s.  Last read position: chr10:4,365,126
INFO	2023-06-25 21:42:34	SortSam	Read 3,470,000,000 records.  Elapsed time: 06:34:43s.  Time for last 10,000,000:   64s.  Last read position: chr10:9,350,613
INFO	2023-06-25 21:43:38	SortSam	Read 3,480,000,000 records.  Elapsed time: 06:35:47s.  Time for last 10,000,000:   63s.  Last read position: chr10:14,302,991
INFO	2023-06-25 21:44:42	SortSam	Read 3,490,000,000 records.  Elapsed time: 06:36:51s.  Time for last 10,000,000:   64s.  Last read position: chr10:19,300,540
INFO	2023-06-25 21:45:46	SortSam	Read 3,500,000,000 records.  Elapsed time: 06:37:55s.  Time for last 10,000,000:   63s.  Last read position: chr10:24,217,392
INFO	2023-06-25 21:46:50	SortSam	Read 3,510,000,000 records.  Elapsed time: 06:38:59s.  Time for last 10,000,000:   64s.  Last read position: chr10:29,094,091
INFO	2023-06-25 21:47:54	SortSam	Read 3,520,000,000 records.  Elapsed time: 06:40:04s.  Time for last 10,000,000:   64s.  Last read position: chr10:34,066,580
INFO	2023-06-25 21:48:58	SortSam	Read 3,530,000,000 records.  Elapsed time: 06:41:08s.  Time for last 10,000,000:   63s.  Last read position: chr10:39,046,255
INFO	2023-06-25 21:50:06	SortSam	Read 3,540,000,000 records.  Elapsed time: 06:42:15s.  Time for last 10,000,000:   67s.  Last read position: chr10:42,441,961
INFO	2023-06-25 21:51:13	SortSam	Read 3,550,000,000 records.  Elapsed time: 06:43:23s.  Time for last 10,000,000:   67s.  Last read position: chr10:47,023,692
INFO	2023-06-25 21:52:21	SortSam	Read 3,560,000,000 records.  Elapsed time: 06:44:30s.  Time for last 10,000,000:   67s.  Last read position: chr10:52,355,492
INFO	2023-06-25 21:53:27	SortSam	Read 3,570,000,000 records.  Elapsed time: 06:45:36s.  Time for last 10,000,000:   65s.  Last read position: chr10:57,150,165
INFO	2023-06-25 21:54:32	SortSam	Read 3,580,000,000 records.  Elapsed time: 06:46:41s.  Time for last 10,000,000:   65s.  Last read position: chr10:62,035,116
INFO	2023-06-25 21:55:35	SortSam	Read 3,590,000,000 records.  Elapsed time: 06:47:44s.  Time for last 10,000,000:   63s.  Last read position: chr10:66,722,595
INFO	2023-06-25 21:56:39	SortSam	Read 3,600,000,000 records.  Elapsed time: 06:48:49s.  Time for last 10,000,000:   64s.  Last read position: chr10:71,682,368
INFO	2023-06-25 21:57:43	SortSam	Read 3,610,000,000 records.  Elapsed time: 06:49:53s.  Time for last 10,000,000:   63s.  Last read position: chr10:76,653,163
INFO	2023-06-25 21:58:47	SortSam	Read 3,620,000,000 records.  Elapsed time: 06:50:57s.  Time for last 10,000,000:   64s.  Last read position: chr10:81,931,534
INFO	2023-06-25 21:59:51	SortSam	Read 3,630,000,000 records.  Elapsed time: 06:52:01s.  Time for last 10,000,000:   64s.  Last read position: chr10:86,875,159
INFO	2023-06-25 22:00:55	SortSam	Read 3,640,000,000 records.  Elapsed time: 06:53:04s.  Time for last 10,000,000:   63s.  Last read position: chr10:91,614,831
INFO	2023-06-25 22:01:59	SortSam	Read 3,650,000,000 records.  Elapsed time: 06:54:08s.  Time for last 10,000,000:   63s.  Last read position: chr10:96,466,249
INFO	2023-06-25 22:03:03	SortSam	Read 3,660,000,000 records.  Elapsed time: 06:55:12s.  Time for last 10,000,000:   64s.  Last read position: chr10:101,473,496
INFO	2023-06-25 22:04:07	SortSam	Read 3,670,000,000 records.  Elapsed time: 06:56:16s.  Time for last 10,000,000:   64s.  Last read position: chr10:106,644,163
INFO	2023-06-25 22:05:11	SortSam	Read 3,680,000,000 records.  Elapsed time: 06:57:20s.  Time for last 10,000,000:   63s.  Last read position: chr10:111,508,986
INFO	2023-06-25 22:06:14	SortSam	Read 3,690,000,000 records.  Elapsed time: 06:58:23s.  Time for last 10,000,000:   63s.  Last read position: chr10:116,485,966
INFO	2023-06-25 22:07:18	SortSam	Read 3,700,000,000 records.  Elapsed time: 06:59:27s.  Time for last 10,000,000:   63s.  Last read position: chr10:121,631,345
INFO	2023-06-25 22:08:22	SortSam	Read 3,710,000,000 records.  Elapsed time: 07:00:31s.  Time for last 10,000,000:   64s.  Last read position: chr10:126,920,583
INFO	2023-06-25 22:09:26	SortSam	Read 3,720,000,000 records.  Elapsed time: 07:01:35s.  Time for last 10,000,000:   63s.  Last read position: chr10:132,439,851
INFO	2023-06-25 22:10:31	SortSam	Read 3,730,000,000 records.  Elapsed time: 07:02:41s.  Time for last 10,000,000:   65s.  Last read position: chr11:3,349,150
INFO	2023-06-25 22:11:37	SortSam	Read 3,740,000,000 records.  Elapsed time: 07:03:46s.  Time for last 10,000,000:   65s.  Last read position: chr11:8,347,777
INFO	2023-06-25 22:12:41	SortSam	Read 3,750,000,000 records.  Elapsed time: 07:04:50s.  Time for last 10,000,000:   63s.  Last read position: chr11:13,412,012
INFO	2023-06-25 22:13:45	SortSam	Read 3,760,000,000 records.  Elapsed time: 07:05:54s.  Time for last 10,000,000:   63s.  Last read position: chr11:18,409,576
INFO	2023-06-25 22:14:48	SortSam	Read 3,770,000,000 records.  Elapsed time: 07:06:57s.  Time for last 10,000,000:   62s.  Last read position: chr11:23,396,580
INFO	2023-06-25 22:15:50	SortSam	Read 3,780,000,000 records.  Elapsed time: 07:07:59s.  Time for last 10,000,000:   62s.  Last read position: chr11:28,257,103
INFO	2023-06-25 22:16:52	SortSam	Read 3,790,000,000 records.  Elapsed time: 07:09:02s.  Time for last 10,000,000:   62s.  Last read position: chr11:33,148,479
INFO	2023-06-25 22:17:56	SortSam	Read 3,800,000,000 records.  Elapsed time: 07:10:05s.  Time for last 10,000,000:   63s.  Last read position: chr11:38,047,360
INFO	2023-06-25 22:19:01	SortSam	Read 3,810,000,000 records.  Elapsed time: 07:11:11s.  Time for last 10,000,000:   65s.  Last read position: chr11:42,968,476
INFO	2023-06-25 22:20:08	SortSam	Read 3,820,000,000 records.  Elapsed time: 07:12:17s.  Time for last 10,000,000:   66s.  Last read position: chr11:48,187,693
INFO	2023-06-25 22:21:23	SortSam	Read 3,830,000,000 records.  Elapsed time: 07:13:32s.  Time for last 10,000,000:   75s.  Last read position: chr11:52,308,621
INFO	2023-06-25 22:22:39	SortSam	Read 3,840,000,000 records.  Elapsed time: 07:14:48s.  Time for last 10,000,000:   75s.  Last read position: chr11:57,313,725
INFO	2023-06-25 22:23:53	SortSam	Read 3,850,000,000 records.  Elapsed time: 07:16:03s.  Time for last 10,000,000:   74s.  Last read position: chr11:62,374,347
INFO	2023-06-25 22:25:10	SortSam	Read 3,860,000,000 records.  Elapsed time: 07:17:19s.  Time for last 10,000,000:   76s.  Last read position: chr11:67,714,371
INFO	2023-06-25 22:26:25	SortSam	Read 3,870,000,000 records.  Elapsed time: 07:18:34s.  Time for last 10,000,000:   75s.  Last read position: chr11:73,174,117
INFO	2023-06-25 22:27:40	SortSam	Read 3,880,000,000 records.  Elapsed time: 07:19:49s.  Time for last 10,000,000:   75s.  Last read position: chr11:78,230,084
INFO	2023-06-25 22:28:54	SortSam	Read 3,890,000,000 records.  Elapsed time: 07:21:03s.  Time for last 10,000,000:   73s.  Last read position: chr11:83,140,697
INFO	2023-06-25 22:30:08	SortSam	Read 3,900,000,000 records.  Elapsed time: 07:22:17s.  Time for last 10,000,000:   74s.  Last read position: chr11:87,900,531
INFO	2023-06-25 22:31:22	SortSam	Read 3,910,000,000 records.  Elapsed time: 07:23:31s.  Time for last 10,000,000:   73s.  Last read position: chr11:92,731,531
INFO	2023-06-25 22:32:37	SortSam	Read 3,920,000,000 records.  Elapsed time: 07:24:46s.  Time for last 10,000,000:   74s.  Last read position: chr11:97,625,300
INFO	2023-06-25 22:33:51	SortSam	Read 3,930,000,000 records.  Elapsed time: 07:26:00s.  Time for last 10,000,000:   74s.  Last read position: chr11:102,390,246
INFO	2023-06-25 22:35:06	SortSam	Read 3,940,000,000 records.  Elapsed time: 07:27:15s.  Time for last 10,000,000:   74s.  Last read position: chr11:107,140,812
INFO	2023-06-25 22:36:20	SortSam	Read 3,950,000,000 records.  Elapsed time: 07:28:30s.  Time for last 10,000,000:   74s.  Last read position: chr11:111,875,115
INFO	2023-06-25 22:37:36	SortSam	Read 3,960,000,000 records.  Elapsed time: 07:29:46s.  Time for last 10,000,000:   75s.  Last read position: chr11:117,063,532
INFO	2023-06-25 22:38:51	SortSam	Read 3,970,000,000 records.  Elapsed time: 07:31:01s.  Time for last 10,000,000:   75s.  Last read position: chr11:122,279,225
INFO	2023-06-25 22:40:06	SortSam	Read 3,980,000,000 records.  Elapsed time: 07:32:15s.  Time for last 10,000,000:   74s.  Last read position: chr11:127,430,544
INFO	2023-06-25 22:41:32	SortSam	Read 3,990,000,000 records.  Elapsed time: 07:33:41s.  Time for last 10,000,000:   86s.  Last read position: chr11:132,542,051
INFO	2023-06-25 22:42:51	SortSam	Read 4,000,000,000 records.  Elapsed time: 07:35:01s.  Time for last 10,000,000:   79s.  Last read position: chr12:2,702,078
INFO	2023-06-25 22:44:14	SortSam	Read 4,010,000,000 records.  Elapsed time: 07:36:23s.  Time for last 10,000,000:   82s.  Last read position: chr12:7,942,451
INFO	2023-06-25 22:45:29	SortSam	Read 4,020,000,000 records.  Elapsed time: 07:37:38s.  Time for last 10,000,000:   75s.  Last read position: chr12:12,699,157
INFO	2023-06-25 22:46:43	SortSam	Read 4,030,000,000 records.  Elapsed time: 07:38:53s.  Time for last 10,000,000:   74s.  Last read position: chr12:17,540,370
INFO	2023-06-25 22:48:00	SortSam	Read 4,040,000,000 records.  Elapsed time: 07:40:09s.  Time for last 10,000,000:   76s.  Last read position: chr12:22,415,640
INFO	2023-06-25 22:49:14	SortSam	Read 4,050,000,000 records.  Elapsed time: 07:41:23s.  Time for last 10,000,000:   74s.  Last read position: chr12:27,081,363
INFO	2023-06-25 22:50:28	SortSam	Read 4,060,000,000 records.  Elapsed time: 07:42:37s.  Time for last 10,000,000:   73s.  Last read position: chr12:31,901,460
INFO	2023-06-25 22:51:43	SortSam	Read 4,070,000,000 records.  Elapsed time: 07:43:53s.  Time for last 10,000,000:   75s.  Last read position: chr12:36,206,187
INFO	2023-06-25 22:52:58	SortSam	Read 4,080,000,000 records.  Elapsed time: 07:45:07s.  Time for last 10,000,000:   74s.  Last read position: chr12:40,699,065
INFO	2023-06-25 22:54:11	SortSam	Read 4,090,000,000 records.  Elapsed time: 07:46:21s.  Time for last 10,000,000:   73s.  Last read position: chr12:45,475,001
INFO	2023-06-25 22:55:26	SortSam	Read 4,100,000,000 records.  Elapsed time: 07:47:36s.  Time for last 10,000,000:   75s.  Last read position: chr12:50,394,802
INFO	2023-06-25 22:56:42	SortSam	Read 4,110,000,000 records.  Elapsed time: 07:48:51s.  Time for last 10,000,000:   75s.  Last read position: chr12:55,522,200
INFO	2023-06-25 22:57:57	SortSam	Read 4,120,000,000 records.  Elapsed time: 07:50:06s.  Time for last 10,000,000:   74s.  Last read position: chr12:60,517,394
INFO	2023-06-25 22:59:12	SortSam	Read 4,130,000,000 records.  Elapsed time: 07:51:21s.  Time for last 10,000,000:   74s.  Last read position: chr12:65,361,766
INFO	2023-06-25 23:00:27	SortSam	Read 4,140,000,000 records.  Elapsed time: 07:52:36s.  Time for last 10,000,000:   74s.  Last read position: chr12:70,182,746
INFO	2023-06-25 23:01:42	SortSam	Read 4,150,000,000 records.  Elapsed time: 07:53:51s.  Time for last 10,000,000:   75s.  Last read position: chr12:74,979,763
INFO	2023-06-25 23:02:56	SortSam	Read 4,160,000,000 records.  Elapsed time: 07:55:05s.  Time for last 10,000,000:   74s.  Last read position: chr12:79,788,328
INFO	2023-06-25 23:04:09	SortSam	Read 4,170,000,000 records.  Elapsed time: 07:56:18s.  Time for last 10,000,000:   73s.  Last read position: chr12:84,554,496
INFO	2023-06-25 23:05:23	SortSam	Read 4,180,000,000 records.  Elapsed time: 07:57:32s.  Time for last 10,000,000:   73s.  Last read position: chr12:89,286,572
INFO	2023-06-25 23:06:35	SortSam	Read 4,190,000,000 records.  Elapsed time: 07:58:44s.  Time for last 10,000,000:   72s.  Last read position: chr12:93,924,672
INFO	2023-06-25 23:07:50	SortSam	Read 4,200,000,000 records.  Elapsed time: 07:59:59s.  Time for last 10,000,000:   74s.  Last read position: chr12:98,767,993
INFO	2023-06-25 23:09:03	SortSam	Read 4,210,000,000 records.  Elapsed time: 08:01:13s.  Time for last 10,000,000:   73s.  Last read position: chr12:103,566,262
INFO	2023-06-25 23:10:18	SortSam	Read 4,220,000,000 records.  Elapsed time: 08:02:27s.  Time for last 10,000,000:   74s.  Last read position: chr12:108,609,882
INFO	2023-06-25 23:11:33	SortSam	Read 4,230,000,000 records.  Elapsed time: 08:03:43s.  Time for last 10,000,000:   75s.  Last read position: chr12:113,764,073
INFO	2023-06-25 23:12:48	SortSam	Read 4,240,000,000 records.  Elapsed time: 08:04:57s.  Time for last 10,000,000:   74s.  Last read position: chr12:119,114,531
INFO	2023-06-25 23:14:03	SortSam	Read 4,250,000,000 records.  Elapsed time: 08:06:12s.  Time for last 10,000,000:   75s.  Last read position: chr12:124,314,423
INFO	2023-06-25 23:15:13	SortSam	Read 4,260,000,000 records.  Elapsed time: 08:07:23s.  Time for last 10,000,000:   70s.  Last read position: chr12:129,660,819
INFO	2023-06-25 23:16:21	SortSam	Read 4,270,000,000 records.  Elapsed time: 08:08:30s.  Time for last 10,000,000:   67s.  Last read position: chr13:1,381,130
INFO	2023-06-25 23:17:31	SortSam	Read 4,280,000,000 records.  Elapsed time: 08:09:41s.  Time for last 10,000,000:   70s.  Last read position: chr13:7,806,088
INFO	2023-06-25 23:18:39	SortSam	Read 4,290,000,000 records.  Elapsed time: 08:10:49s.  Time for last 10,000,000:   67s.  Last read position: chr13:11,890,229
INFO	2023-06-25 23:19:47	SortSam	Read 4,300,000,000 records.  Elapsed time: 08:11:56s.  Time for last 10,000,000:   67s.  Last read position: chr13:19,621,805
INFO	2023-06-25 23:20:54	SortSam	Read 4,310,000,000 records.  Elapsed time: 08:13:04s.  Time for last 10,000,000:   67s.  Last read position: chr13:24,581,208
INFO	2023-06-25 23:22:01	SortSam	Read 4,320,000,000 records.  Elapsed time: 08:14:10s.  Time for last 10,000,000:   66s.  Last read position: chr13:29,608,397
INFO	2023-06-25 23:23:06	SortSam	Read 4,330,000,000 records.  Elapsed time: 08:15:15s.  Time for last 10,000,000:   65s.  Last read position: chr13:34,456,919
INFO	2023-06-25 23:24:14	SortSam	Read 4,340,000,000 records.  Elapsed time: 08:16:23s.  Time for last 10,000,000:   67s.  Last read position: chr13:39,332,920
INFO	2023-06-25 23:25:21	SortSam	Read 4,350,000,000 records.  Elapsed time: 08:17:30s.  Time for last 10,000,000:   66s.  Last read position: chr13:44,154,372
INFO	2023-06-25 23:26:27	SortSam	Read 4,360,000,000 records.  Elapsed time: 08:18:36s.  Time for last 10,000,000:   66s.  Last read position: chr13:48,922,355
INFO	2023-06-25 23:27:32	SortSam	Read 4,370,000,000 records.  Elapsed time: 08:19:41s.  Time for last 10,000,000:   65s.  Last read position: chr13:53,852,172
INFO	2023-06-25 23:28:38	SortSam	Read 4,380,000,000 records.  Elapsed time: 08:20:47s.  Time for last 10,000,000:   65s.  Last read position: chr13:58,661,442
INFO	2023-06-25 23:29:44	SortSam	Read 4,390,000,000 records.  Elapsed time: 08:21:53s.  Time for last 10,000,000:   66s.  Last read position: chr13:63,397,894
INFO	2023-06-25 23:30:49	SortSam	Read 4,400,000,000 records.  Elapsed time: 08:22:58s.  Time for last 10,000,000:   64s.  Last read position: chr13:68,169,915
INFO	2023-06-25 23:31:53	SortSam	Read 4,410,000,000 records.  Elapsed time: 08:24:02s.  Time for last 10,000,000:   64s.  Last read position: chr13:72,968,817
INFO	2023-06-25 23:32:55	SortSam	Read 4,420,000,000 records.  Elapsed time: 08:25:05s.  Time for last 10,000,000:   62s.  Last read position: chr13:77,643,256
INFO	2023-06-25 23:33:57	SortSam	Read 4,430,000,000 records.  Elapsed time: 08:26:07s.  Time for last 10,000,000:   61s.  Last read position: chr13:82,457,325
INFO	2023-06-25 23:35:00	SortSam	Read 4,440,000,000 records.  Elapsed time: 08:27:09s.  Time for last 10,000,000:   62s.  Last read position: chr13:87,272,454
INFO	2023-06-25 23:36:03	SortSam	Read 4,450,000,000 records.  Elapsed time: 08:28:12s.  Time for last 10,000,000:   63s.  Last read position: chr13:92,042,365
INFO	2023-06-25 23:37:06	SortSam	Read 4,460,000,000 records.  Elapsed time: 08:29:15s.  Time for last 10,000,000:   62s.  Last read position: chr13:96,991,503
INFO	2023-06-25 23:38:10	SortSam	Read 4,470,000,000 records.  Elapsed time: 08:30:20s.  Time for last 10,000,000:   64s.  Last read position: chr13:101,967,210
INFO	2023-06-25 23:39:13	SortSam	Read 4,480,000,000 records.  Elapsed time: 08:31:23s.  Time for last 10,000,000:   62s.  Last read position: chr13:106,855,193
INFO	2023-06-25 23:40:19	SortSam	Read 4,490,000,000 records.  Elapsed time: 08:32:28s.  Time for last 10,000,000:   65s.  Last read position: chr13:112,050,146
INFO	2023-06-25 23:41:27	SortSam	Read 4,500,000,000 records.  Elapsed time: 08:33:36s.  Time for last 10,000,000:   68s.  Last read position: chr14:3,758,573
INFO	2023-06-25 23:42:36	SortSam	Read 4,510,000,000 records.  Elapsed time: 08:34:45s.  Time for last 10,000,000:   69s.  Last read position: chr14:9,375,709
INFO	2023-06-25 23:43:42	SortSam	Read 4,520,000,000 records.  Elapsed time: 08:35:52s.  Time for last 10,000,000:   66s.  Last read position: chr14:14,061,874
INFO	2023-06-25 23:44:52	SortSam	Read 4,530,000,000 records.  Elapsed time: 08:37:02s.  Time for last 10,000,000:   70s.  Last read position: chr14:19,059,915
INFO	2023-06-25 23:46:01	SortSam	Read 4,540,000,000 records.  Elapsed time: 08:38:10s.  Time for last 10,000,000:   68s.  Last read position: chr14:23,877,339
INFO	2023-06-25 23:47:12	SortSam	Read 4,550,000,000 records.  Elapsed time: 08:39:21s.  Time for last 10,000,000:   70s.  Last read position: chr14:28,714,002
INFO	2023-06-25 23:48:18	SortSam	Read 4,560,000,000 records.  Elapsed time: 08:40:28s.  Time for last 10,000,000:   66s.  Last read position: chr14:33,516,448
INFO	2023-06-25 23:49:30	SortSam	Read 4,570,000,000 records.  Elapsed time: 08:41:39s.  Time for last 10,000,000:   71s.  Last read position: chr14:38,224,827
INFO	2023-06-25 23:50:40	SortSam	Read 4,580,000,000 records.  Elapsed time: 08:42:49s.  Time for last 10,000,000:   70s.  Last read position: chr14:42,968,304
INFO	2023-06-25 23:51:47	SortSam	Read 4,590,000,000 records.  Elapsed time: 08:43:56s.  Time for last 10,000,000:   66s.  Last read position: chr14:47,713,015
INFO	2023-06-25 23:52:54	SortSam	Read 4,600,000,000 records.  Elapsed time: 08:45:04s.  Time for last 10,000,000:   67s.  Last read position: chr14:52,617,809
INFO	2023-06-25 23:54:00	SortSam	Read 4,610,000,000 records.  Elapsed time: 08:46:10s.  Time for last 10,000,000:   65s.  Last read position: chr14:57,339,044
INFO	2023-06-25 23:55:06	SortSam	Read 4,620,000,000 records.  Elapsed time: 08:47:15s.  Time for last 10,000,000:   65s.  Last read position: chr14:62,138,756
INFO	2023-06-25 23:56:13	SortSam	Read 4,630,000,000 records.  Elapsed time: 08:48:23s.  Time for last 10,000,000:   67s.  Last read position: chr14:67,089,742
INFO	2023-06-25 23:57:20	SortSam	Read 4,640,000,000 records.  Elapsed time: 08:49:29s.  Time for last 10,000,000:   66s.  Last read position: chr14:72,218,298
INFO	2023-06-25 23:58:24	SortSam	Read 4,650,000,000 records.  Elapsed time: 08:50:34s.  Time for last 10,000,000:   64s.  Last read position: chr14:77,196,422
INFO	2023-06-25 23:59:28	SortSam	Read 4,660,000,000 records.  Elapsed time: 08:51:38s.  Time for last 10,000,000:   64s.  Last read position: chr14:82,156,397
INFO	2023-06-26 00:00:33	SortSam	Read 4,670,000,000 records.  Elapsed time: 08:52:42s.  Time for last 10,000,000:   64s.  Last read position: chr14:87,234,204
INFO	2023-06-26 00:01:36	SortSam	Read 4,680,000,000 records.  Elapsed time: 08:53:46s.  Time for last 10,000,000:   63s.  Last read position: chr14:92,476,536
INFO	2023-06-26 00:02:40	SortSam	Read 4,690,000,000 records.  Elapsed time: 08:54:50s.  Time for last 10,000,000:   64s.  Last read position: chr14:97,797,950
INFO	2023-06-26 00:03:45	SortSam	Read 4,700,000,000 records.  Elapsed time: 08:55:54s.  Time for last 10,000,000:   64s.  Last read position: chr15:1,863,047
INFO	2023-06-26 00:05:00	SortSam	Read 4,710,000,000 records.  Elapsed time: 08:57:10s.  Time for last 10,000,000:   75s.  Last read position: chr15:6,470,846
INFO	2023-06-26 00:06:17	SortSam	Read 4,720,000,000 records.  Elapsed time: 08:58:26s.  Time for last 10,000,000:   76s.  Last read position: chr15:13,364,453
INFO	2023-06-26 00:07:33	SortSam	Read 4,730,000,000 records.  Elapsed time: 08:59:42s.  Time for last 10,000,000:   76s.  Last read position: chr15:17,180,078
srun: forcing job termination
slurmstepd: error: *** STEP 4713966.0 ON node18 CANCELLED AT 2023-06-26T00:08:23 ***
srun: Job step aborted: Waiting up to 32 seconds for job step to finish.
srun: error: node18: task 0: Killed
[Mon Jun 26 00:08:32 EDT 2023] picard.sam.SetNmMdAndUqTags done. Elapsed time: 540.70 minutes.
Runtime.totalMemory()=62914560000
To get help, see http://broadinstitute.github.io/picard/index.html#GettingHelp
htsjdk.samtools.SAMException: Input must be coordinate-sorted for this program to run. Found: unsorted
	at picard.sam.SetNmMdAndUqTags.doWork(SetNmMdAndUqTags.java:125)
	at picard.cmdline.CommandLineProgram.instanceMain(CommandLineProgram.java:289)
	at org.broadinstitute.hellbender.cmdline.PicardCommandLineProgramExecutor.instanceMain(PicardCommandLineProgramExecutor.java:37)
	at org.broadinstitute.hellbender.Main.runCommandLineProgram(Main.java:166)
	at org.broadinstitute.hellbender.Main.mainEntry(Main.java:209)
	at org.broadinstitute.hellbender.Main.main(Main.java:306)
